{"timestamp": "2025-09-12T10:44:56.425147", "level": "ERROR", "logger": "root", "message": "Error running parallel scanners: cannot access local variable 'script_file' where it is not associated with a value", "module": "main", "function": "run_parallel_scanners", "line": 185}
{"timestamp": "2025-09-12T10:44:56.808295", "level": "INFO", "logger": "root", "message": "EVTX export (all) -> C:\\scanner\\scanner_ioc\\output\\evtx_all: {'exported': 0, 'skipped': 1191, 'errors': 0}", "module": "main", "function": "main", "line": 1635}
{"timestamp": "2025-09-12T10:44:56.826684", "level": "INFO", "logger": "root", "message": "Chainsaw hunt start: bin=chainsaw/chainsaw.exe rules=C:\\Users\\sk.batsiev\\AppData\\Local\\Temp\\_MEI101082\\rules\\sigma inputs=1191 out=output\\chainsaw", "module": "main", "function": "main", "line": 1650}
{"timestamp": "2025-09-12T10:45:19.771210", "level": "ERROR", "logger": "root", "message": "Error running parallel scanners: cannot access local variable 'script_file' where it is not associated with a value", "module": "main", "function": "run_parallel_scanners", "line": 185}
{"timestamp": "2025-09-12T10:45:20.165790", "level": "INFO", "logger": "root", "message": "EVTX export (all) -> C:\\scanner\\scanner_ioc\\output\\evtx_all: {'exported': 0, 'skipped': 1191, 'errors': 0}", "module": "main", "function": "main", "line": 1635}
{"timestamp": "2025-09-12T10:45:20.176366", "level": "INFO", "logger": "root", "message": "Chainsaw hunt start: bin=chainsaw/chainsaw.exe rules=C:\\Users\\sk.batsiev\\AppData\\Local\\Temp\\_MEI54562\\rules\\sigma inputs=1191 out=output\\chainsaw", "module": "main", "function": "main", "line": 1650}
{"timestamp": "2025-09-12T10:52:09.149044", "level": "INFO", "logger": "root", "message": "Starting scanner: network_scanner", "module": "main", "function": "run_parallel_scanners", "line": 165}
{"timestamp": "2025-09-12T10:52:11.847495", "level": "INFO", "logger": "root", "message": "Starting scanner: system_scanner", "module": "main", "function": "run_parallel_scanners", "line": 165}
{"timestamp": "2025-09-12T10:52:12.080289", "level": "INFO", "logger": "root", "message": "Starting scanner: ioc_scanner", "module": "main", "function": "run_parallel_scanners", "line": 165}
{"timestamp": "2025-09-12T10:52:12.096731", "level": "INFO", "logger": "root", "message": "Starting scanner: memory_scanner", "module": "main", "function": "run_parallel_scanners", "line": 165}
{"timestamp": "2025-09-12T10:52:12.168369", "level": "INFO", "logger": "root", "message": "Starting scanner: yara_scanner", "module": "main", "function": "run_parallel_scanners", "line": 165}
{"timestamp": "2025-09-12T10:52:12.174140", "level": "INFO", "logger": "root", "message": "Starting scanner: registry_scanner", "module": "main", "function": "run_parallel_scanners", "line": 165}
{"timestamp": "2025-09-12T10:52:12.180041", "level": "INFO", "logger": "root", "message": "Sigma scanner is orchestrated in main.py (Chainsaw). Skipping separate process spawn.", "module": "main", "function": "run_parallel_scanners", "line": 138}
{"timestamp": "2025-09-12T10:52:13.081813", "level": "INFO", "logger": "root", "message": "Created scanner: network_scanner", "module": "scanner_factory", "function": "create_scanners", "line": 74}
{"timestamp": "2025-09-12T10:52:13.467334", "level": "INFO", "logger": "root", "message": "Created scanner: network_scanner", "module": "scanner_factory", "function": "create_scanners", "line": 74}
{"timestamp": "2025-09-12T10:52:13.846560", "level": "INFO", "logger": "root", "message": "Created scanner: network_scanner", "module": "scanner_factory", "function": "create_scanners", "line": 74}
{"timestamp": "2025-09-12T10:52:13.841313", "level": "INFO", "logger": "root", "message": "Created scanner: network_scanner", "module": "scanner_factory", "function": "create_scanners", "line": 74}
{"timestamp": "2025-09-12T10:52:13.759267", "level": "INFO", "logger": "root", "message": "Created scanner: network_scanner", "module": "scanner_factory", "function": "create_scanners", "line": 74}
{"timestamp": "2025-09-12T10:52:20.533803", "level": "INFO", "logger": "root", "message": "Created scanner: system_scanner", "module": "scanner_factory", "function": "create_scanners", "line": 74}

{"timestamp": "2025-09-12T10:52:20.531722", "level": "INFO", "logger": "root", "message": "Created scanner: system_scanner", "module": "scanner_factory", "function": "create_scanners", "line": 74}
{"timestamp": "2025-09-12T10:52:20.533619", "level": "INFO", "logger": "root", "message": "Created scanner: system_scanner", "module": "scanner_factory", "function": "create_scanners", "line": 74}
{"timestamp": "2025-09-12T10:52:20.517765", "level": "INFO", "logger": "root", "message": "Created scanner: system_scanner", "module": "scanner_factory", "function": "create_scanners", "line": 74}
{"timestamp": "2025-09-12T10:52:20.534770", "level": "INFO", "logger": "root", "message": "Created scanner: system_scanner", "module": "scanner_factory", "function": "create_scanners", "line": 74}
{"timestamp": "2025-09-12T10:52:20.535119", "level": "INFO", "logger": "JetCSIRT.ioc_scanner", "message": "[IOC] Загружено 35 индикаторов из JSON rules/ioc/indicators.json", "module": "ioc_scanner", "function": "load_ioc", "line": 61}
{"timestamp": "2025-09-12T10:52:20.535626", "level": "INFO", "logger": "JetCSIRT.ioc_scanner", "message": "[IOC] Загружено 35 индикаторов из JSON rules/ioc/indicators.json", "module": "ioc_scanner", "function": "load_ioc", "line": 61}
{"timestamp": "2025-09-12T10:52:20.533360", "level": "INFO", "logger": "root", "message": "Created scanner: system_scanner", "module": "scanner_factory", "function": "create_scanners", "line": 74}
{"timestamp": "2025-09-12T10:52:20.549421", "level": "INFO", "logger": "JetCSIRT.ioc_scanner", "message": "[IOC] Загружено 35 индикаторов из JSON rules/ioc/indicators.json", "module": "ioc_scanner", "function": "load_ioc", "line": 61}
{"timestamp": "2025-09-12T10:52:20.550184", "level": "INFO", "logger": "JetCSIRT.ioc_scanner", "message": "[IOC] Загружено 51 индикаторов из CSV rules/ioc/indicators.csv", "module": "ioc_scanner", "function": "load_ioc", "line": 74}
{"timestamp": "2025-09-12T10:52:20.550554", "level": "INFO", "logger": "root", "message": "Created scanner: ioc_scanner", "module": "scanner_factory", "function": "create_scanners", "line": 74}
{"timestamp": "2025-09-12T10:52:20.551029", "level": "INFO", "logger": "JetCSIRT.ioc_scanner", "message": "[IOC] Загружено 51 индикаторов из CSV rules/ioc/indicators.csv", "module": "ioc_scanner", "function": "load_ioc", "line": 74}
{"timestamp": "2025-09-12T10:52:20.551227", "level": "INFO", "logger": "JetCSIRT.MemoryScanner", "message": "YARA version: 4.5.4", "module": "memory_scanner", "function": "_adapt_yara_rules_for_version", "line": 64}
{"timestamp": "2025-09-12T10:52:20.549746", "level": "INFO", "logger": "JetCSIRT.ioc_scanner", "message": "[IOC] Загружено 35 индикаторов из JSON rules/ioc/indicators.json", "module": "ioc_scanner", "function": "load_ioc", "line": 61}
{"timestamp": "2025-09-12T10:52:20.552007", "level": "INFO", "logger": "JetCSIRT.ioc_scanner", "message": "[IOC] Загружено 51 индикаторов из CSV rules/ioc/indicators.csv", "module": "ioc_scanner", "function": "load_ioc", "line": 74}
{"timestamp": "2025-09-12T10:52:20.552375", "level": "INFO", "logger": "root", "message": "Created scanner: ioc_scanner", "module": "scanner_factory", "function": "create_scanners", "line": 74}
{"timestamp": "2025-09-12T10:52:20.549722", "level": "INFO", "logger": "JetCSIRT.ioc_scanner", "message": "[IOC] Загружено 35 индикаторов из JSON rules/ioc/indicators.json", "module": "ioc_scanner", "function": "load_ioc", "line": 61}
{"timestamp": "2025-09-12T10:52:20.551370", "level": "INFO", "logger": "root", "message": "Created scanner: ioc_scanner", "module": "scanner_factory", "function": "create_scanners", "line": 74}
{"timestamp": "2025-09-12T10:52:20.577752", "level": "INFO", "logger": "JetCSIRT.ioc_scanner", "message": "[IOC] Загружено 51 индикаторов из CSV rules/ioc/indicators.csv", "module": "ioc_scanner", "function": "load_ioc", "line": 74}
{"timestamp": "2025-09-12T10:52:20.590321", "level": "INFO", "logger": "root", "message": "Created scanner: ioc_scanner", "module": "scanner_factory", "function": "create_scanners", "line": 74}
{"timestamp": "2025-09-12T10:52:20.568919", "level": "INFO", "logger": "JetCSIRT.MemoryScanner", "message": "YARA version: 4.5.4", "module": "memory_scanner", "function": "_adapt_yara_rules_for_version", "line": 64}
{"timestamp": "2025-09-12T10:52:20.549864", "level": "INFO", "logger": "JetCSIRT.ioc_scanner", "message": "[IOC] Загружено 51 индикаторов из CSV rules/ioc/indicators.csv", "module": "ioc_scanner", "function": "load_ioc", "line": 74}
{"timestamp": "2025-09-12T10:52:20.572869", "level": "INFO", "logger": "JetCSIRT.MemoryScanner", "message": "YARA version: 4.5.4", "module": "memory_scanner", "function": "_adapt_yara_rules_for_version", "line": 64}
{"timestamp": "2025-09-12T10:52:20.549595", "level": "INFO", "logger": "JetCSIRT.ioc_scanner", "message": "[IOC] Загружено 35 индикаторов из JSON rules/ioc/indicators.json", "module": "ioc_scanner", "function": "load_ioc", "line": 61}
{"timestamp": "2025-09-12T10:52:20.553872", "level": "INFO", "logger": "JetCSIRT.MemoryScanner", "message": "Loaded 4 memory YARA rules", "module": "memory_scanner", "function": "load_yara_rules", "line": 138}
{"timestamp": "2025-09-12T10:52:20.612690", "level": "INFO", "logger": "root", "message": "Created scanner: memory_scanner", "module": "scanner_factory", "function": "create_scanners", "line": 74}
{"timestamp": "2025-09-12T10:52:20.597238", "level": "INFO", "logger": "JetCSIRT.MemoryScanner", "message": "Loaded 4 memory YARA rules", "module": "memory_scanner", "function": "load_yara_rules", "line": 138}
{"timestamp": "2025-09-12T10:52:20.613010", "level": "INFO", "logger": "root", "message": "Created scanner: memory_scanner", "module": "scanner_factory", "function": "create_scanners", "line": 74}
{"timestamp": "2025-09-12T10:52:20.614753", "level": "INFO", "logger": "JetCSIRT.ioc_scanner", "message": "[IOC] Загружено 51 индикаторов из CSV rules/ioc/indicators.csv", "module": "ioc_scanner", "function": "load_ioc", "line": 74}
{"timestamp": "2025-09-12T10:52:20.609640", "level": "INFO", "logger": "root", "message": "Created scanner: ioc_scanner", "module": "scanner_factory", "function": "create_scanners", "line": 74}
{"timestamp": "2025-09-12T10:52:20.615885", "level": "INFO", "logger": "JetCSIRT.YaraScanner", "message": "[YARA] Найдено файлов правил (*.yar) в rules\\yara: 212", "module": "yara_scanner", "function": "load_yara_rules", "line": 251}
{"timestamp": "2025-09-12T10:52:20.615647", "level": "INFO", "logger": "JetCSIRT.YaraScanner", "message": "[YARA] Найдено файлов правил (*.yar) в rules\\yara: 212", "module": "yara_scanner", "function": "load_yara_rules", "line": 251}
{"timestamp": "2025-09-12T10:52:20.593624", "level": "INFO", "logger": "JetCSIRT.MemoryScanner", "message": "YARA version: 4.5.4", "module": "memory_scanner", "function": "_adapt_yara_rules_for_version", "line": 64}
{"timestamp": "2025-09-12T10:52:20.631822", "level": "INFO", "logger": "JetCSIRT.YaraScanner", "message": "YARA version: 4.5.4", "module": "yara_scanner", "function": "_adapt_yara_rules_for_version", "line": 177}
{"timestamp": "2025-09-12T10:52:20.615137", "level": "INFO", "logger": "root", "message": "Created scanner: ioc_scanner", "module": "scanner_factory", "function": "create_scanners", "line": 74}
{"timestamp": "2025-09-12T10:52:20.614593", "level": "INFO", "logger": "JetCSIRT.MemoryScanner", "message": "Loaded 4 memory YARA rules", "module": "memory_scanner", "function": "load_yara_rules", "line": 138}
{"timestamp": "2025-09-12T10:52:20.632159", "level": "INFO", "logger": "JetCSIRT.YaraScanner", "message": "YARA version: 4.5.4", "module": "yara_scanner", "function": "_adapt_yara_rules_for_version", "line": 177}
{"timestamp": "2025-09-12T10:52:20.633319", "level": "INFO", "logger": "JetCSIRT.MemoryScanner", "message": "YARA version: 4.5.4", "module": "memory_scanner", "function": "_adapt_yara_rules_for_version", "line": 64}
{"timestamp": "2025-09-12T10:52:20.640609", "level": "INFO", "logger": "JetCSIRT.MemoryScanner", "message": "Loaded 4 memory YARA rules", "module": "memory_scanner", "function": "load_yara_rules", "line": 138}
{"timestamp": "2025-09-12T10:52:20.654967", "level": "INFO", "logger": "root", "message": "Created scanner: memory_scanner", "module": "scanner_factory", "function": "create_scanners", "line": 74}
{"timestamp": "2025-09-12T10:52:20.635323", "level": "INFO", "logger": "JetCSIRT.MemoryScanner", "message": "YARA version: 4.5.4", "module": "memory_scanner", "function": "_adapt_yara_rules_for_version", "line": 64}
{"timestamp": "2025-09-12T10:52:20.635190", "level": "INFO", "logger": "JetCSIRT.MemoryScanner", "message": "Loaded 4 memory YARA rules", "module": "memory_scanner", "function": "load_yara_rules", "line": 138}
{"timestamp": "2025-09-12T10:52:20.661924", "level": "INFO", "logger": "root", "message": "Created scanner: memory_scanner", "module": "scanner_factory", "function": "create_scanners", "line": 74}
{"timestamp": "2025-09-12T10:52:20.669850", "level": "INFO", "logger": "JetCSIRT.YaraScanner", "message": "[YARA] Найдено файлов правил (*.yar) в rules\\yara: 212", "module": "yara_scanner", "function": "load_yara_rules", "line": 251}
{"timestamp": "2025-09-12T10:52:20.662454", "level": "INFO", "logger": "JetCSIRT.MemoryScanner", "message": "Loaded 4 memory YARA rules", "module": "memory_scanner", "function": "load_yara_rules", "line": 138}
{"timestamp": "2025-09-12T10:52:20.635410", "level": "INFO", "logger": "root", "message": "Created scanner: memory_scanner", "module": "scanner_factory", "function": "create_scanners", "line": 74}
{"timestamp": "2025-09-12T10:52:20.683928", "level": "INFO", "logger": "JetCSIRT.YaraScanner", "message": "[YARA] Найдено файлов правил (*.yar) в rules\\yara: 212", "module": "yara_scanner", "function": "load_yara_rules", "line": 251}
{"timestamp": "2025-09-12T10:52:20.684604", "level": "INFO", "logger": "JetCSIRT.YaraScanner", "message": "YARA version: 4.5.4", "module": "yara_scanner", "function": "_adapt_yara_rules_for_version", "line": 177}
{"timestamp": "2025-09-12T10:52:20.681049", "level": "INFO", "logger": "root", "message": "Created scanner: memory_scanner", "module": "scanner_factory", "function": "create_scanners", "line": 74}
{"timestamp": "2025-09-12T10:52:20.688220", "level": "INFO", "logger": "JetCSIRT.YaraScanner", "message": "[YARA] Найдено файлов правил (*.yar) в rules\\yara: 212", "module": "yara_scanner", "function": "load_yara_rules", "line": 251}
{"timestamp": "2025-09-12T10:52:20.680370", "level": "INFO", "logger": "JetCSIRT.YaraScanner", "message": "YARA version: 4.5.4", "module": "yara_scanner", "function": "_adapt_yara_rules_for_version", "line": 177}
{"timestamp": "2025-09-12T10:52:20.658736", "level": "INFO", "logger": "JetCSIRT.YaraScanner", "message": "[YARA] Найдено файлов правил (*.yar) в rules\\yara: 212", "module": "yara_scanner", "function": "load_yara_rules", "line": 251}
{"timestamp": "2025-09-12T10:52:20.702840", "level": "INFO", "logger": "JetCSIRT.YaraScanner", "message": "YARA version: 4.5.4", "module": "yara_scanner", "function": "_adapt_yara_rules_for_version", "line": 177}
{"timestamp": "2025-09-12T10:52:20.689091", "level": "INFO", "logger": "JetCSIRT.YaraScanner", "message": "YARA version: 4.5.4", "module": "yara_scanner", "function": "_adapt_yara_rules_for_version", "line": 177}
{"timestamp": "2025-09-12T10:52:21.144982", "level": "INFO", "logger": "JetCSIRT.YaraScanner", "message": "[YARA] Загружено 212 YARA правил (.yar) из rules\\yara", "module": "yara_scanner", "function": "load_yara_rules", "line": 260}
{"timestamp": "2025-09-12T10:52:21.179258", "level": "INFO", "logger": "root", "message": "Created scanner: yara_scanner", "module": "scanner_factory", "function": "create_scanners", "line": 74}
{"timestamp": "2025-09-12T10:52:21.191007", "level": "INFO", "logger": "JetCSIRT.YaraScanner", "message": "[YARA] Загружено 212 YARA правил (.yar) из rules\\yara", "module": "yara_scanner", "function": "load_yara_rules", "line": 260}
{"timestamp": "2025-09-12T10:52:21.193298", "level": "INFO", "logger": "root", "message": "Created scanner: yara_scanner", "module": "scanner_factory", "function": "create_scanners", "line": 74}
{"timestamp": "2025-09-12T10:52:21.197394", "level": "INFO", "logger": "JetCSIRT.YaraScanner", "message": "[YARA] Загружено 212 YARA правил (.yar) из rules\\yara", "module": "yara_scanner", "function": "load_yara_rules", "line": 260}
{"timestamp": "2025-09-12T10:52:21.199413", "level": "INFO", "logger": "JetCSIRT.YaraScanner", "message": "[YARA] Загружено 212 YARA правил (.yar) из rules\\yara", "module": "yara_scanner", "function": "load_yara_rules", "line": 260}
{"timestamp": "2025-09-12T10:52:21.200372", "level": "INFO", "logger": "root", "message": "Created scanner: registry_scanner", "module": "scanner_factory", "function": "create_scanners", "line": 74}
{"timestamp": "2025-09-12T10:52:21.201586", "level": "INFO", "logger": "root", "message": "Sigma scanner is orchestrated in main.py (Chainsaw). Skipping factory instantiation.", "module": "scanner_factory", "function": "create_scanners", "line": 56}
{"timestamp": "2025-09-12T10:52:21.199073", "level": "INFO", "logger": "root", "message": "Created scanner: yara_scanner", "module": "scanner_factory", "function": "create_scanners", "line": 74}
{"timestamp": "2025-09-12T10:52:21.200696", "level": "INFO", "logger": "root", "message": "Created scanner: yara_scanner", "module": "scanner_factory", "function": "create_scanners", "line": 74}
{"timestamp": "2025-09-12T10:52:21.202117", "level": "INFO", "logger": "JetCSIRT.ioc_scanner", "message": "Scan started", "module": "logger", "function": "log_scan_start", "line": 114, "event_type": "scan_start", "scanner": "ioc_scanner", "config": {"enabled": true, "priority": 5, "config_file": "config/ioc_scanners/ioc_scanner.yaml"}}
{"timestamp": "2025-09-12T10:52:21.205479", "level": "INFO", "logger": "root", "message": "Created scanner: registry_scanner", "module": "scanner_factory", "function": "create_scanners", "line": 74}
{"timestamp": "2025-09-12T10:52:21.206266", "level": "INFO", "logger": "root", "message": "Created scanner: registry_scanner", "module": "scanner_factory", "function": "create_scanners", "line": 74}
{"timestamp": "2025-09-12T10:52:21.206945", "level": "INFO", "logger": "root", "message": "Sigma scanner is orchestrated in main.py (Chainsaw). Skipping factory instantiation.", "module": "scanner_factory", "function": "create_scanners", "line": 56}
{"timestamp": "2025-09-12T10:52:21.207853", "level": "INFO", "logger": "JetCSIRT.network_scanner", "message": "Scan started", "module": "logger", "function": "log_scan_start", "line": 114, "event_type": "scan_start", "scanner": "network_scanner", "config": {"enabled": true, "priority": 1, "config_file": "config/network_scanners/network_scanner.yaml"}}
{"timestamp": "2025-09-12T10:52:21.206277", "level": "INFO", "logger": "root", "message": "Sigma scanner is orchestrated in main.py (Chainsaw). Skipping factory instantiation.", "module": "scanner_factory", "function": "create_scanners", "line": 56}
{"timestamp": "2025-09-12T10:52:21.216156", "level": "INFO", "logger": "JetCSIRT.yara_scanner", "message": "Scan started", "module": "logger", "function": "log_scan_start", "line": 114, "event_type": "scan_start", "scanner": "yara_scanner", "config": {"enabled": true, "priority": 3, "config_file": "config/file_scanners/yara_scanner.yaml"}}
{"timestamp": "2025-09-12T10:52:21.219759", "level": "INFO", "logger": "JetCSIRT.YaraScanner", "message": "Начинаем оптимизированное сканирование с 4 потоками", "module": "yara_scanner", "function": "scan", "line": 615}
{"timestamp": "2025-09-12T10:52:21.218005", "level": "INFO", "logger": "root", "message": "Created scanner: registry_scanner", "module": "scanner_factory", "function": "create_scanners", "line": 74}
{"timestamp": "2025-09-12T10:52:21.221967", "level": "INFO", "logger": "root", "message": "Sigma scanner is orchestrated in main.py (Chainsaw). Skipping factory instantiation.", "module": "scanner_factory", "function": "create_scanners", "line": 56}
{"timestamp": "2025-09-12T10:52:21.232480", "level": "INFO", "logger": "JetCSIRT.YaraScanner", "message": "[YARA] Загружено 212 YARA правил (.yar) из rules\\yara", "module": "yara_scanner", "function": "load_yara_rules", "line": 260}
{"timestamp": "2025-09-12T10:52:21.237591", "level": "INFO", "logger": "root", "message": "Created scanner: yara_scanner", "module": "scanner_factory", "function": "create_scanners", "line": 74}
{"timestamp": "2025-09-12T10:52:21.239656", "level": "INFO", "logger": "root", "message": "Created scanner: registry_scanner", "module": "scanner_factory", "function": "create_scanners", "line": 74}
{"timestamp": "2025-09-12T10:52:21.222543", "level": "INFO", "logger": "JetCSIRT.system_scanner", "message": "Scan started", "module": "logger", "function": "log_scan_start", "line": 114, "event_type": "scan_start", "scanner": "system_scanner", "config": {"enabled": true, "priority": 4, "config_file": "config/system_scanners/system_scanner.yaml"}}
{"timestamp": "2025-09-12T10:52:21.240264", "level": "INFO", "logger": "root", "message": "Sigma scanner is orchestrated in main.py (Chainsaw). Skipping factory instantiation.", "module": "scanner_factory", "function": "create_scanners", "line": 56}
{"timestamp": "2025-09-12T10:52:21.241566", "level": "INFO", "logger": "JetCSIRT.registry_scanner", "message": "Scan started", "module": "logger", "function": "log_scan_start", "line": 114, "event_type": "scan_start", "scanner": "registry_scanner", "config": {"enabled": true, "priority": 7, "config_file": "config/registry_scanners/registry_scanner.yaml"}}
{"timestamp": "2025-09-12T10:52:21.244546", "level": "ERROR", "logger": "JetCSIRT.registry_scanner", "message": "Error during cleanup: 'RegistryCache' object has no attribute '_cleanup_cache'", "module": "registry_scanner", "function": "_cleanup", "line": 385}
{"timestamp": "2025-09-12T10:52:21.241136", "level": "INFO", "logger": "JetCSIRT.YaraScanner", "message": "[YARA] Загружено 212 YARA правил (.yar) из rules\\yara", "module": "yara_scanner", "function": "load_yara_rules", "line": 260}
{"timestamp": "2025-09-12T10:52:21.247536", "level": "INFO", "logger": "root", "message": "Created scanner: yara_scanner", "module": "scanner_factory", "function": "create_scanners", "line": 74}
{"timestamp": "2025-09-12T10:52:21.249917", "level": "INFO", "logger": "JetCSIRT.registry_scanner", "message": "Results saved to: output\\registry_scanner_20250912_105221.json", "module": "base_scanner", "function": "save_results", "line": 201}
{"timestamp": "2025-09-12T10:52:21.250316", "level": "INFO", "logger": "JetCSIRT.registry_scanner", "message": "Scan completed", "module": "logger", "function": "log_scan_complete", "line": 125, "event_type": "scan_complete", "scanner": "registry_scanner", "findings_count": 0, "duration_seconds": 0.008759737014770508}
{"timestamp": "2025-09-12T10:52:21.251400", "level": "INFO", "logger": "root", "message": "Created scanner: registry_scanner", "module": "scanner_factory", "function": "create_scanners", "line": 74}
{"timestamp": "2025-09-12T10:52:21.252783", "level": "INFO", "logger": "root", "message": "Sigma scanner is orchestrated in main.py (Chainsaw). Skipping factory instantiation.", "module": "scanner_factory", "function": "create_scanners", "line": 56}
{"timestamp": "2025-09-12T10:52:21.254128", "level": "INFO", "logger": "JetCSIRT.memory_scanner", "message": "Scan started", "module": "logger", "function": "log_scan_start", "line": 114, "event_type": "scan_start", "scanner": "memory_scanner", "config": {"enabled": true, "priority": 6, "config_file": "config/memory_scanners/memory_scanner.yaml", "memory_rules_dir": "rules/memory"}}
{"timestamp": "2025-09-12T10:52:21.258121", "level": "INFO", "logger": "root", "message": "Results saved: output\\findings_registry_scanner.json", "module": "main", "function": "run_single_scanner", "line": 106}
{"timestamp": "2025-09-12T10:52:21.307436", "level": "INFO", "logger": "JetCSIRT.MemoryScanner", "message": "Найдено 145 процессов для сканирования", "module": "memory_scanner", "function": "scan", "line": 305}
{"timestamp": "2025-09-12T10:52:23.435398", "level": "INFO", "logger": "JetCSIRT.MemoryScanner", "message": "Results saved to: output\\memory_scanner_20250912_105223.json", "module": "base_scanner", "function": "save_results", "line": 201}
{"timestamp": "2025-09-12T10:52:23.435912", "level": "INFO", "logger": "JetCSIRT.memory_scanner", "message": "Scan completed", "module": "logger", "function": "log_scan_complete", "line": 125, "event_type": "scan_complete", "scanner": "memory_scanner", "findings_count": 0, "duration_seconds": 2.181802749633789}
{"timestamp": "2025-09-12T10:52:23.437469", "level": "INFO", "logger": "root", "message": "Results saved: output\\findings_memory_scanner.json", "module": "main", "function": "run_single_scanner", "line": 106}
{"timestamp": "2025-09-12T10:52:24.114954", "level": "INFO", "logger": "JetCSIRT.system_scanner", "message": "Results saved to: output\\system_scanner_20250912_105224.json", "module": "base_scanner", "function": "save_results", "line": 201}
{"timestamp": "2025-09-12T10:52:24.116368", "level": "INFO", "logger": "JetCSIRT.system_scanner", "message": "Scan completed", "module": "logger", "function": "log_scan_complete", "line": 125, "event_type": "scan_complete", "scanner": "system_scanner", "findings_count": 5, "duration_seconds": 2.8938543796539307}
{"timestamp": "2025-09-12T10:52:24.127007", "level": "INFO", "logger": "root", "message": "Results saved: output\\findings_system_scanner.json", "module": "main", "function": "run_single_scanner", "line": 106}
{"timestamp": "2025-09-12T10:53:15.046340", "level": "INFO", "logger": "JetCSIRT.YaraScanner", "message": "Найдено 95157 файлов для сканирования", "module": "yara_scanner", "function": "scan", "line": 632}
{"timestamp": "2025-09-12T10:53:16.605123", "level": "INFO", "logger": "JetCSIRT.YaraScanner", "message": "Сканирование завершено за 55.4 сек", "module": "yara_scanner", "function": "scan", "line": 685}
{"timestamp": "2025-09-12T10:53:16.605532", "level": "INFO", "logger": "JetCSIRT.YaraScanner", "message": "Статистика: 0 файлов, 0 пропущено, 0 угроз найдено", "module": "yara_scanner", "function": "scan", "line": 686}
{"timestamp": "2025-09-12T10:53:16.606706", "level": "INFO", "logger": "JetCSIRT.YaraScanner", "message": "Results saved to: output\\yara_scanner_20250912_105316.json", "module": "base_scanner", "function": "save_results", "line": 201}
{"timestamp": "2025-09-12T10:53:16.607022", "level": "INFO", "logger": "JetCSIRT.yara_scanner", "message": "Scan completed", "module": "logger", "function": "log_scan_complete", "line": 125, "event_type": "scan_complete", "scanner": "yara_scanner", "findings_count": 0, "duration_seconds": 55.390883445739746}
{"timestamp": "2025-09-12T10:53:16.608078", "level": "INFO", "logger": "root", "message": "Results saved: output\\findings_yara_scanner.json", "module": "main", "function": "run_single_scanner", "line": 106}
{"timestamp": "2025-09-12T10:53:17.772053", "level": "INFO", "logger": "JetCSIRT.network_scanner", "message": "Results saved to: output\\network_scanner_20250912_105317.json", "module": "base_scanner", "function": "save_results", "line": 201}
{"timestamp": "2025-09-12T10:53:17.778168", "level": "INFO", "logger": "JetCSIRT.network_scanner", "message": "Scan completed", "module": "logger", "function": "log_scan_complete", "line": 125, "event_type": "scan_complete", "scanner": "network_scanner", "findings_count": 2, "duration_seconds": 56.57032060623169}
{"timestamp": "2025-09-12T10:53:17.789376", "level": "INFO", "logger": "root", "message": "Results saved: output\\findings_network_scanner.json", "module": "main", "function": "run_single_scanner", "line": 106}
{"timestamp": "2025-09-12T10:53:17.856593", "level": "INFO", "logger": "JetCSIRT.ioc_scanner", "message": "Results saved to: output\\ioc_scanner_20250912_105317.json", "module": "base_scanner", "function": "save_results", "line": 201}
{"timestamp": "2025-09-12T10:53:17.856932", "level": "INFO", "logger": "JetCSIRT.ioc_scanner", "message": "Scan completed", "module": "logger", "function": "log_scan_complete", "line": 125, "event_type": "scan_complete", "scanner": "ioc_scanner", "findings_count": 0, "duration_seconds": 56.65483117103577}
{"timestamp": "2025-09-12T10:53:17.859317", "level": "INFO", "logger": "root", "message": "Results saved: output\\findings_ioc_scanner.json", "module": "main", "function": "run_single_scanner", "line": 106}
{"timestamp": "2025-09-12T10:53:18.158291", "level": "INFO", "logger": "root", "message": "Detailed HTML report generated: output\\scan_report.html", "module": "main", "function": "generate_html_report", "line": 1358}
{"timestamp": "2025-09-12T10:53:18.163924", "level": "INFO", "logger": "root", "message": "Cleaned up 6 JSON files from output directory", "module": "main", "function": "cleanup_json_files", "line": 1402}
{"timestamp": "2025-09-12T10:53:18.171509", "level": "INFO", "logger": "root", "message": "Artifacts cleaned up", "module": "main", "function": "cleanup_artifacts", "line": 1371}
{"timestamp": "2025-09-12T10:53:18.312057", "level": "INFO", "logger": "root", "message": "EVTX export (all) -> C:\\scanner\\scanner_ioc\\output\\evtx_all: {'exported': 0, 'skipped': 1191, 'errors': 0}", "module": "main", "function": "main", "line": 1632}
{"timestamp": "2025-09-12T10:53:18.319088", "level": "INFO", "logger": "root", "message": "Chainsaw hunt start: bin=chainsaw/chainsaw.exe rules=C:\\Users\\sk.batsiev\\AppData\\Local\\Temp\\_MEI100042\\rules\\sigma inputs=1191 out=output\\chainsaw", "module": "main", "function": "main", "line": 1647}
{"timestamp": "2025-09-12T10:56:06.192008", "level": "INFO", "logger": "root", "message": "Chainsaw hunt done: findings=589 errors=0", "module": "main", "function": "main", "line": 1659}
{"timestamp": "2025-09-12T10:58:36.631186", "level": "INFO", "logger": "root", "message": "Sigma results saved: output/findings_sigma_scanner.json and output/sigma_findings.json", "module": "main", "function": "main", "line": 1699}
{"timestamp": "2025-09-12T10:58:36.632115", "level": "INFO", "logger": "root", "message": "Sigma скан завершен успешно. Папка с результатами: C:\\scanner\\scanner_ioc\\dist\\JetCSIRT_ready\\output (файлы: sigma_findings.json, findings_sigma_scanner.json)", "module": "main", "function": "main", "line": 1708}
{"timestamp": "2025-09-12T10:58:36.633585", "level": "INFO", "logger": "root", "message": "Chainsaw output directory: C:\\scanner\\scanner_ioc\\dist\\JetCSIRT_ready\\output\\chainsaw", "module": "main", "function": "main", "line": 1715}
{"timestamp": "2025-09-12T10:58:36.952566", "level": "INFO", "logger": "root", "message": "Detailed HTML report generated: output\\scan_report.html", "module": "main", "function": "generate_html_report", "line": 1358}
{"timestamp": "2025-09-12T10:58:36.956423", "level": "INFO", "logger": "root", "message": "No JSON files found to clean up", "module": "main", "function": "cleanup_json_files", "line": 1404}
{"timestamp": "2025-09-12T11:19:29.975804", "level": "INFO", "logger": "root", "message": "Starting scanner: network_scanner", "module": "main", "function": "run_parallel_scanners", "line": 174}
{"timestamp": "2025-09-12T11:19:29.990732", "level": "INFO", "logger": "root", "message": "Starting scanner: system_scanner", "module": "main", "function": "run_parallel_scanners", "line": 174}
{"timestamp": "2025-09-12T11:19:30.023997", "level": "INFO", "logger": "root", "message": "Starting scanner: ioc_scanner", "module": "main", "function": "run_parallel_scanners", "line": 174}
{"timestamp": "2025-09-12T11:19:30.033463", "level": "INFO", "logger": "root", "message": "Starting scanner: memory_scanner", "module": "main", "function": "run_parallel_scanners", "line": 174}
{"timestamp": "2025-09-12T11:19:30.053096", "level": "INFO", "logger": "root", "message": "Starting scanner: yara_scanner", "module": "main", "function": "run_parallel_scanners", "line": 174}
{"timestamp": "2025-09-12T11:19:30.068309", "level": "INFO", "logger": "root", "message": "Starting scanner: registry_scanner", "module": "main", "function": "run_parallel_scanners", "line": 174}
{"timestamp": "2025-09-12T11:19:31.832110", "level": "INFO", "logger": "root", "message": "Created scanner: network_scanner", "module": "scanner_factory", "function": "create_scanners", "line": 74}
{"timestamp": "2025-09-12T11:19:31.833424", "level": "INFO", "logger": "root", "message": "Created scanner: system_scanner", "module": "scanner_factory", "function": "create_scanners", "line": 74}
{"timestamp": "2025-09-12T11:19:31.834149", "level": "INFO", "logger": "JetCSIRT.ioc_scanner", "message": "[IOC] Загружено 35 индикаторов из JSON rules/ioc/indicators.json", "module": "ioc_scanner", "function": "load_ioc", "line": 61}
{"timestamp": "2025-09-12T11:19:31.844425", "level": "INFO", "logger": "JetCSIRT.ioc_scanner", "message": "[IOC] Загружено 51 индикаторов из CSV rules/ioc/indicators.csv", "module": "ioc_scanner", "function": "load_ioc", "line": 74}
{"timestamp": "2025-09-12T11:19:31.844677", "level": "INFO", "logger": "root", "message": "Created scanner: ioc_scanner", "module": "scanner_factory", "function": "create_scanners", "line": 74}
{"timestamp": "2025-09-12T11:19:31.845113", "level": "INFO", "logger": "JetCSIRT.MemoryScanner", "message": "YARA version: 4.5.4", "module": "memory_scanner", "function": "_adapt_yara_rules_for_version", "line": 64}
{"timestamp": "2025-09-12T11:19:31.848088", "level": "INFO", "logger": "JetCSIRT.MemoryScanner", "message": "Loaded 4 memory YARA rules", "module": "memory_scanner", "function": "load_yara_rules", "line": 138}
{"timestamp": "2025-09-12T11:19:31.848315", "level": "INFO", "logger": "root", "message": "Created scanner: memory_scanner", "module": "scanner_factory", "function": "create_scanners", "line": 74}
{"timestamp": "2025-09-12T11:19:31.851578", "level": "INFO", "logger": "JetCSIRT.YaraScanner", "message": "[YARA] Найдено файлов правил (*.yar) в rules\\yara: 212", "module": "yara_scanner", "function": "load_yara_rules", "line": 251}
{"timestamp": "2025-09-12T11:19:31.851872", "level": "INFO", "logger": "JetCSIRT.YaraScanner", "message": "YARA version: 4.5.4", "module": "yara_scanner", "function": "_adapt_yara_rules_for_version", "line": 177}
{"timestamp": "2025-09-12T11:19:32.077806", "level": "INFO", "logger": "root", "message": "Created scanner: network_scanner", "module": "scanner_factory", "function": "create_scanners", "line": 74}
{"timestamp": "2025-09-12T11:19:32.078468", "level": "INFO", "logger": "root", "message": "Created scanner: system_scanner", "module": "scanner_factory", "function": "create_scanners", "line": 74}
{"timestamp": "2025-09-12T11:19:32.079129", "level": "INFO", "logger": "JetCSIRT.ioc_scanner", "message": "[IOC] Загружено 35 индикаторов из JSON rules/ioc/indicators.json", "module": "ioc_scanner", "function": "load_ioc", "line": 61}
{"timestamp": "2025-09-12T11:19:32.079659", "level": "INFO", "logger": "JetCSIRT.ioc_scanner", "message": "[IOC] Загружено 51 индикаторов из CSV rules/ioc/indicators.csv", "module": "ioc_scanner", "function": "load_ioc", "line": 74}
{"timestamp": "2025-09-12T11:19:32.079863", "level": "INFO", "logger": "root", "message": "Created scanner: ioc_scanner", "module": "scanner_factory", "function": "create_scanners", "line": 74}
{"timestamp": "2025-09-12T11:19:32.080307", "level": "INFO", "logger": "JetCSIRT.MemoryScanner", "message": "YARA version: 4.5.4", "module": "memory_scanner", "function": "_adapt_yara_rules_for_version", "line": 64}
{"timestamp": "2025-09-12T11:19:32.099559", "level": "INFO", "logger": "JetCSIRT.MemoryScanner", "message": "Loaded 4 memory YARA rules", "module": "memory_scanner", "function": "load_yara_rules", "line": 138}
{"timestamp": "2025-09-12T11:19:32.118703", "level": "INFO", "logger": "root", "message": "Created scanner: memory_scanner", "module": "scanner_factory", "function": "create_scanners", "line": 74}
{"timestamp": "2025-09-12T11:19:32.132733", "level": "INFO", "logger": "JetCSIRT.YaraScanner", "message": "[YARA] Найдено файлов правил (*.yar) в rules\\yara: 212", "module": "yara_scanner", "function": "load_yara_rules", "line": 251}
{"timestamp": "2025-09-12T11:19:32.147195", "level": "INFO", "logger": "root", "message": "Created scanner: network_scanner", "module": "scanner_factory", "function": "create_scanners", "line": 74}
{"timestamp": "2025-09-12T11:19:32.153262", "level": "INFO", "logger": "root", "message": "Created scanner: system_scanner", "module": "scanner_factory", "function": "create_scanners", "line": 74}
{"timestamp": "2025-09-12T11:19:32.177043", "level": "INFO", "logger": "JetCSIRT.ioc_scanner", "message": "[IOC] Загружено 35 индикаторов из JSON rules/ioc/indicators.json", "module": "ioc_scanner", "function": "load_ioc", "line": 61}
{"timestamp": "2025-09-12T11:19:32.215305", "level": "INFO", "logger": "JetCSIRT.ioc_scanner", "message": "[IOC] Загружено 51 индикаторов из CSV rules/ioc/indicators.csv", "module": "ioc_scanner", "function": "load_ioc", "line": 74}
{"timestamp": "2025-09-12T11:19:32.227823", "level": "INFO", "logger": "root", "message": "Created scanner: network_scanner", "module": "scanner_factory", "function": "create_scanners", "line": 74}
{"timestamp": "2025-09-12T11:19:32.239830", "level": "INFO", "logger": "root", "message": "Created scanner: system_scanner", "module": "scanner_factory", "function": "create_scanners", "line": 74}
{"timestamp": "2025-09-12T11:19:32.263836", "level": "INFO", "logger": "JetCSIRT.ioc_scanner", "message": "[IOC] Загружено 35 индикаторов из JSON rules/ioc/indicators.json", "module": "ioc_scanner", "function": "load_ioc", "line": 61}
{"timestamp": "2025-09-12T11:19:32.381719", "level": "INFO", "logger": "JetCSIRT.ioc_scanner", "message": "[IOC] Загружено 51 индикаторов из CSV rules/ioc/indicators.csv", "module": "ioc_scanner", "function": "load_ioc", "line": 74}
{"timestamp": "2025-09-12T11:19:32.398183", "level": "INFO", "logger": "root", "message": "Created scanner: ioc_scanner", "module": "scanner_factory", "function": "create_scanners", "line": 74}
{"timestamp": "2025-09-12T11:19:32.404194", "level": "INFO", "logger": "JetCSIRT.MemoryScanner", "message": "YARA version: 4.5.4", "module": "memory_scanner", "function": "_adapt_yara_rules_for_version", "line": 64}
{"timestamp": "2025-09-12T11:19:32.416659", "level": "INFO", "logger": "JetCSIRT.MemoryScanner", "message": "Loaded 4 memory YARA rules", "module": "memory_scanner", "function": "load_yara_rules", "line": 138}
{"timestamp": "2025-09-12T11:19:32.419725", "level": "INFO", "logger": "root", "message": "Created scanner: memory_scanner", "module": "scanner_factory", "function": "create_scanners", "line": 74}
{"timestamp": "2025-09-12T11:19:32.434817", "level": "INFO", "logger": "JetCSIRT.YaraScanner", "message": "[YARA] Найдено файлов правил (*.yar) в rules\\yara: 212", "module": "yara_scanner", "function": "load_yara_rules", "line": 251}
{"timestamp": "2025-09-12T11:19:32.439941", "level": "INFO", "logger": "JetCSIRT.YaraScanner", "message": "YARA version: 4.5.4", "module": "yara_scanner", "function": "_adapt_yara_rules_for_version", "line": 177}
{"timestamp": "2025-09-12T11:19:32.466308", "level": "INFO", "logger": "JetCSIRT.YaraScanner", "message": "[YARA] Загружено 212 YARA правил (.yar) из rules\\yara", "module": "yara_scanner", "function": "load_yara_rules", "line": 260}
{"timestamp": "2025-09-12T11:19:32.480503", "level": "INFO", "logger": "root", "message": "Created scanner: yara_scanner", "module": "scanner_factory", "function": "create_scanners", "line": 74}
{"timestamp": "2025-09-12T11:19:32.464959", "level": "INFO", "logger": "root", "message": "Created scanner: network_scanner", "module": "scanner_factory", "function": "create_scanners", "line": 74}
{"timestamp": "2025-09-12T11:19:32.486240", "level": "INFO", "logger": "root", "message": "Created scanner: system_scanner", "module": "scanner_factory", "function": "create_scanners", "line": 74}
{"timestamp": "2025-09-12T11:19:32.497970", "level": "INFO", "logger": "JetCSIRT.ioc_scanner", "message": "[IOC] Загружено 35 индикаторов из JSON rules/ioc/indicators.json", "module": "ioc_scanner", "function": "load_ioc", "line": 61}
{"timestamp": "2025-09-12T11:19:32.509804", "level": "INFO", "logger": "JetCSIRT.ioc_scanner", "message": "[IOC] Загружено 51 индикаторов из CSV rules/ioc/indicators.csv", "module": "ioc_scanner", "function": "load_ioc", "line": 74}
{"timestamp": "2025-09-12T11:19:32.511571", "level": "INFO", "logger": "root", "message": "Created scanner: ioc_scanner", "module": "scanner_factory", "function": "create_scanners", "line": 74}
{"timestamp": "2025-09-12T11:19:32.521125", "level": "INFO", "logger": "JetCSIRT.MemoryScanner", "message": "YARA version: 4.5.4", "module": "memory_scanner", "function": "_adapt_yara_rules_for_version", "line": 64}
{"timestamp": "2025-09-12T11:19:32.533917", "level": "INFO", "logger": "JetCSIRT.MemoryScanner", "message": "Loaded 4 memory YARA rules", "module": "memory_scanner", "function": "load_yara_rules", "line": 138}
{"timestamp": "2025-09-12T11:19:32.535508", "level": "INFO", "logger": "root", "message": "Created scanner: memory_scanner", "module": "scanner_factory", "function": "create_scanners", "line": 74}
{"timestamp": "2025-09-12T11:19:32.547032", "level": "INFO", "logger": "JetCSIRT.YaraScanner", "message": "[YARA] Найдено файлов правил (*.yar) в rules\\yara: 212", "module": "yara_scanner", "function": "load_yara_rules", "line": 251}
{"timestamp": "2025-09-12T11:19:32.548145", "level": "INFO", "logger": "JetCSIRT.YaraScanner", "message": "YARA version: 4.5.4", "module": "yara_scanner", "function": "_adapt_yara_rules_for_version", "line": 177}
{"timestamp": "2025-09-12T11:19:32.228463", "level": "INFO", "logger": "root", "message": "Created scanner: ioc_scanner", "module": "scanner_factory", "function": "create_scanners", "line": 74}
{"timestamp": "2025-09-12T11:19:32.567210", "level": "INFO", "logger": "JetCSIRT.MemoryScanner", "message": "YARA version: 4.5.4", "module": "memory_scanner", "function": "_adapt_yara_rules_for_version", "line": 64}
{"timestamp": "2025-09-12T11:19:32.484666", "level": "INFO", "logger": "root", "message": "Created scanner: registry_scanner", "module": "scanner_factory", "function": "create_scanners", "line": 74}
{"timestamp": "2025-09-12T11:19:32.583766", "level": "INFO", "logger": "JetCSIRT.system_scanner", "message": "Scan started", "module": "logger", "function": "log_scan_start", "line": 114, "event_type": "scan_start", "scanner": "system_scanner", "config": {"enabled": true, "priority": 4, "config_file": "config/system_scanners/system_scanner.yaml"}}
{"timestamp": "2025-09-12T11:19:32.148109", "level": "INFO", "logger": "JetCSIRT.YaraScanner", "message": "YARA version: 4.5.4", "module": "yara_scanner", "function": "_adapt_yara_rules_for_version", "line": 177}
{"timestamp": "2025-09-12T11:19:32.580668", "level": "INFO", "logger": "JetCSIRT.MemoryScanner", "message": "Loaded 4 memory YARA rules", "module": "memory_scanner", "function": "load_yara_rules", "line": 138}
{"timestamp": "2025-09-12T11:19:32.644970", "level": "INFO", "logger": "root", "message": "Created scanner: memory_scanner", "module": "scanner_factory", "function": "create_scanners", "line": 74}
{"timestamp": "2025-09-12T11:19:32.656494", "level": "INFO", "logger": "JetCSIRT.YaraScanner", "message": "[YARA] Найдено файлов правил (*.yar) в rules\\yara: 212", "module": "yara_scanner", "function": "load_yara_rules", "line": 251}
{"timestamp": "2025-09-12T11:19:32.678689", "level": "INFO", "logger": "JetCSIRT.YaraScanner", "message": "YARA version: 4.5.4", "module": "yara_scanner", "function": "_adapt_yara_rules_for_version", "line": 177}
{"timestamp": "2025-09-12T11:19:32.508634", "level": "INFO", "logger": "root", "message": "Created scanner: network_scanner", "module": "scanner_factory", "function": "create_scanners", "line": 74}
{"timestamp": "2025-09-12T11:19:32.824364", "level": "INFO", "logger": "root", "message": "Created scanner: system_scanner", "module": "scanner_factory", "function": "create_scanners", "line": 74}
{"timestamp": "2025-09-12T11:19:32.850210", "level": "INFO", "logger": "JetCSIRT.ioc_scanner", "message": "[IOC] Загружено 35 индикаторов из JSON rules/ioc/indicators.json", "module": "ioc_scanner", "function": "load_ioc", "line": 61}
{"timestamp": "2025-09-12T11:19:32.891750", "level": "INFO", "logger": "JetCSIRT.ioc_scanner", "message": "[IOC] Загружено 51 индикаторов из CSV rules/ioc/indicators.csv", "module": "ioc_scanner", "function": "load_ioc", "line": 74}
{"timestamp": "2025-09-12T11:19:32.899019", "level": "INFO", "logger": "root", "message": "Created scanner: ioc_scanner", "module": "scanner_factory", "function": "create_scanners", "line": 74}
{"timestamp": "2025-09-12T11:19:32.914363", "level": "INFO", "logger": "JetCSIRT.MemoryScanner", "message": "YARA version: 4.5.4", "module": "memory_scanner", "function": "_adapt_yara_rules_for_version", "line": 64}
{"timestamp": "2025-09-12T11:19:32.932827", "level": "INFO", "logger": "JetCSIRT.MemoryScanner", "message": "Loaded 4 memory YARA rules", "module": "memory_scanner", "function": "load_yara_rules", "line": 138}
{"timestamp": "2025-09-12T11:19:32.946985", "level": "INFO", "logger": "root", "message": "Created scanner: memory_scanner", "module": "scanner_factory", "function": "create_scanners", "line": 74}
{"timestamp": "2025-09-12T11:19:32.960603", "level": "INFO", "logger": "JetCSIRT.YaraScanner", "message": "[YARA] Найдено файлов правил (*.yar) в rules\\yara: 212", "module": "yara_scanner", "function": "load_yara_rules", "line": 251}
{"timestamp": "2025-09-12T11:19:32.974227", "level": "INFO", "logger": "JetCSIRT.YaraScanner", "message": "YARA version: 4.5.4", "module": "yara_scanner", "function": "_adapt_yara_rules_for_version", "line": 177}
{"timestamp": "2025-09-12T11:19:32.985137", "level": "INFO", "logger": "JetCSIRT.YaraScanner", "message": "[YARA] Загружено 212 YARA правил (.yar) из rules\\yara", "module": "yara_scanner", "function": "load_yara_rules", "line": 260}
{"timestamp": "2025-09-12T11:19:32.997294", "level": "INFO", "logger": "root", "message": "Created scanner: yara_scanner", "module": "scanner_factory", "function": "create_scanners", "line": 74}
{"timestamp": "2025-09-12T11:19:33.006018", "level": "INFO", "logger": "root", "message": "Created scanner: registry_scanner", "module": "scanner_factory", "function": "create_scanners", "line": 74}
{"timestamp": "2025-09-12T11:19:33.013086", "level": "INFO", "logger": "JetCSIRT.memory_scanner", "message": "Scan started", "module": "logger", "function": "log_scan_start", "line": 114, "event_type": "scan_start", "scanner": "memory_scanner", "config": {"enabled": true, "priority": 6, "config_file": "config/memory_scanners/memory_scanner.yaml", "memory_rules_dir": "rules/memory"}}
{"timestamp": "2025-09-12T11:19:33.046121", "level": "INFO", "logger": "JetCSIRT.YaraScanner", "message": "[YARA] Загружено 212 YARA правил (.yar) из rules\\yara", "module": "yara_scanner", "function": "load_yara_rules", "line": 260}
{"timestamp": "2025-09-12T11:19:33.060152", "level": "INFO", "logger": "root", "message": "Created scanner: yara_scanner", "module": "scanner_factory", "function": "create_scanners", "line": 74}
{"timestamp": "2025-09-12T11:19:33.072843", "level": "INFO", "logger": "root", "message": "Created scanner: registry_scanner", "module": "scanner_factory", "function": "create_scanners", "line": 74}
{"timestamp": "2025-09-12T11:19:33.079514", "level": "INFO", "logger": "JetCSIRT.network_scanner", "message": "Scan started", "module": "logger", "function": "log_scan_start", "line": 114, "event_type": "scan_start", "scanner": "network_scanner", "config": {"enabled": true, "priority": 1, "config_file": "config/network_scanners/network_scanner.yaml"}}
{"timestamp": "2025-09-12T11:19:33.083478", "level": "INFO", "logger": "JetCSIRT.YaraScanner", "message": "[YARA] Загружено 212 YARA правил (.yar) из rules\\yara", "module": "yara_scanner", "function": "load_yara_rules", "line": 260}
{"timestamp": "2025-09-12T11:19:33.084672", "level": "INFO", "logger": "root", "message": "Created scanner: yara_scanner", "module": "scanner_factory", "function": "create_scanners", "line": 74}
{"timestamp": "2025-09-12T11:19:33.227852", "level": "INFO", "logger": "root", "message": "Created scanner: registry_scanner", "module": "scanner_factory", "function": "create_scanners", "line": 74}
{"timestamp": "2025-09-12T11:19:33.233248", "level": "INFO", "logger": "JetCSIRT.ioc_scanner", "message": "Scan started", "module": "logger", "function": "log_scan_start", "line": 114, "event_type": "scan_start", "scanner": "ioc_scanner", "config": {"enabled": true, "priority": 5, "config_file": "config/ioc_scanners/ioc_scanner.yaml"}}
{"timestamp": "2025-09-12T11:19:33.284579", "level": "INFO", "logger": "JetCSIRT.YaraScanner", "message": "[YARA] Загружено 212 YARA правил (.yar) из rules\\yara", "module": "yara_scanner", "function": "load_yara_rules", "line": 260}
{"timestamp": "2025-09-12T11:19:33.296584", "level": "INFO", "logger": "root", "message": "Created scanner: yara_scanner", "module": "scanner_factory", "function": "create_scanners", "line": 74}
{"timestamp": "2025-09-12T11:19:33.307860", "level": "INFO", "logger": "root", "message": "Created scanner: registry_scanner", "module": "scanner_factory", "function": "create_scanners", "line": 74}
{"timestamp": "2025-09-12T11:19:33.312073", "level": "INFO", "logger": "JetCSIRT.registry_scanner", "message": "Scan started", "module": "logger", "function": "log_scan_start", "line": 114, "event_type": "scan_start", "scanner": "registry_scanner", "config": {"enabled": true, "priority": 7, "config_file": "config/registry_scanners/registry_scanner.yaml"}}
{"timestamp": "2025-09-12T11:19:33.317037", "level": "ERROR", "logger": "JetCSIRT.registry_scanner", "message": "Error during cleanup: 'RegistryCache' object has no attribute '_cleanup_cache'", "module": "registry_scanner", "function": "_cleanup", "line": 385}
{"timestamp": "2025-09-12T11:19:33.322698", "level": "INFO", "logger": "JetCSIRT.registry_scanner", "message": "Results saved to: output\\registry_scanner_20250912_111933.json", "module": "base_scanner", "function": "save_results", "line": 201}
{"timestamp": "2025-09-12T11:19:33.335158", "level": "INFO", "logger": "JetCSIRT.registry_scanner", "message": "Scan completed", "module": "logger", "function": "log_scan_complete", "line": 125, "event_type": "scan_complete", "scanner": "registry_scanner", "findings_count": 0, "duration_seconds": 0.02308201789855957}
{"timestamp": "2025-09-12T11:19:33.341723", "level": "INFO", "logger": "root", "message": "Results saved: output\\findings_registry_scanner.json", "module": "main", "function": "run_single_scanner", "line": 115}
{"timestamp": "2025-09-12T11:19:33.437830", "level": "INFO", "logger": "JetCSIRT.YaraScanner", "message": "[YARA] Загружено 212 YARA правил (.yar) из rules\\yara", "module": "yara_scanner", "function": "load_yara_rules", "line": 260}
{"timestamp": "2025-09-12T11:19:33.452363", "level": "INFO", "logger": "root", "message": "Created scanner: yara_scanner", "module": "scanner_factory", "function": "create_scanners", "line": 74}
{"timestamp": "2025-09-12T11:19:33.457934", "level": "INFO", "logger": "root", "message": "Created scanner: registry_scanner", "module": "scanner_factory", "function": "create_scanners", "line": 74}
{"timestamp": "2025-09-12T11:19:33.467728", "level": "INFO", "logger": "JetCSIRT.yara_scanner", "message": "Scan started", "module": "logger", "function": "log_scan_start", "line": 114, "event_type": "scan_start", "scanner": "yara_scanner", "config": {"enabled": true, "priority": 3, "config_file": "config/file_scanners/yara_scanner.yaml"}}
{"timestamp": "2025-09-12T11:19:33.476532", "level": "INFO", "logger": "JetCSIRT.YaraScanner", "message": "Начинаем оптимизированное сканирование с 4 потоками", "module": "yara_scanner", "function": "scan", "line": 615}
{"timestamp": "2025-09-12T11:19:33.542460", "level": "INFO", "logger": "JetCSIRT.MemoryScanner", "message": "Найдено 163 процессов для сканирования", "module": "memory_scanner", "function": "scan", "line": 305}
{"timestamp": "2025-09-12T11:19:36.486938", "level": "INFO", "logger": "JetCSIRT.system_scanner", "message": "Results saved to: output\\system_scanner_20250912_111936.json", "module": "base_scanner", "function": "save_results", "line": 201}
{"timestamp": "2025-09-12T11:19:36.487351", "level": "INFO", "logger": "JetCSIRT.system_scanner", "message": "Scan completed", "module": "logger", "function": "log_scan_complete", "line": 125, "event_type": "scan_complete", "scanner": "system_scanner", "findings_count": 5, "duration_seconds": 3.9035935401916504}
{"timestamp": "2025-09-12T11:19:36.499419", "level": "INFO", "logger": "root", "message": "Results saved: output\\findings_system_scanner.json", "module": "main", "function": "run_single_scanner", "line": 115}
{"timestamp": "2025-09-12T11:19:37.265184", "level": "INFO", "logger": "JetCSIRT.MemoryScanner", "message": "Results saved to: output\\memory_scanner_20250912_111937.json", "module": "base_scanner", "function": "save_results", "line": 201}
{"timestamp": "2025-09-12T11:19:37.265557", "level": "INFO", "logger": "JetCSIRT.memory_scanner", "message": "Scan completed", "module": "logger", "function": "log_scan_complete", "line": 125, "event_type": "scan_complete", "scanner": "memory_scanner", "findings_count": 0, "duration_seconds": 4.252483129501343}
{"timestamp": "2025-09-12T11:19:37.267609", "level": "INFO", "logger": "root", "message": "Results saved: output\\findings_memory_scanner.json", "module": "main", "function": "run_single_scanner", "line": 115}
{"timestamp": "2025-09-12T11:20:24.623635", "level": "INFO", "logger": "JetCSIRT.YaraScanner", "message": "Найдено 95109 файлов для сканирования", "module": "yara_scanner", "function": "scan", "line": 632}
{"timestamp": "2025-09-12T11:20:25.334468", "level": "INFO", "logger": "JetCSIRT.YaraScanner", "message": "Сканирование завершено за 51.9 сек", "module": "yara_scanner", "function": "scan", "line": 685}
{"timestamp": "2025-09-12T11:20:25.334874", "level": "INFO", "logger": "JetCSIRT.YaraScanner", "message": "Статистика: 0 файлов, 0 пропущено, 0 угроз найдено", "module": "yara_scanner", "function": "scan", "line": 686}
{"timestamp": "2025-09-12T11:20:25.336239", "level": "INFO", "logger": "JetCSIRT.YaraScanner", "message": "Results saved to: output\\yara_scanner_20250912_112025.json", "module": "base_scanner", "function": "save_results", "line": 201}
{"timestamp": "2025-09-12T11:20:25.336483", "level": "INFO", "logger": "JetCSIRT.yara_scanner", "message": "Scan completed", "module": "logger", "function": "log_scan_complete", "line": 125, "event_type": "scan_complete", "scanner": "yara_scanner", "findings_count": 0, "duration_seconds": 51.86876654624939}
{"timestamp": "2025-09-12T11:20:25.338037", "level": "INFO", "logger": "root", "message": "Results saved: output\\findings_yara_scanner.json", "module": "main", "function": "run_single_scanner", "line": 115}
{"timestamp": "2025-09-12T11:20:33.679358", "level": "INFO", "logger": "JetCSIRT.network_scanner", "message": "Results saved to: output\\network_scanner_20250912_112033.json", "module": "base_scanner", "function": "save_results", "line": 201}
{"timestamp": "2025-09-12T11:20:33.685138", "level": "INFO", "logger": "JetCSIRT.network_scanner", "message": "Scan completed", "module": "logger", "function": "log_scan_complete", "line": 125, "event_type": "scan_complete", "scanner": "network_scanner", "findings_count": 2, "duration_seconds": 60.60562348365784}
{"timestamp": "2025-09-12T11:20:33.689294", "level": "INFO", "logger": "root", "message": "Results saved: output\\findings_network_scanner.json", "module": "main", "function": "run_single_scanner", "line": 115}
{"timestamp": "2025-09-12T11:20:36.225878", "level": "INFO", "logger": "JetCSIRT.ioc_scanner", "message": "Results saved to: output\\ioc_scanner_20250912_112036.json", "module": "base_scanner", "function": "save_results", "line": 201}
{"timestamp": "2025-09-12T11:20:36.226377", "level": "INFO", "logger": "JetCSIRT.ioc_scanner", "message": "Scan completed", "module": "logger", "function": "log_scan_complete", "line": 125, "event_type": "scan_complete", "scanner": "ioc_scanner", "findings_count": 0, "duration_seconds": 62.993133783340454}
{"timestamp": "2025-09-12T11:20:36.228522", "level": "INFO", "logger": "root", "message": "Results saved: output\\findings_ioc_scanner.json", "module": "main", "function": "run_single_scanner", "line": 115}
{"timestamp": "2025-09-12T11:20:36.456052", "level": "INFO", "logger": "root", "message": "Detailed HTML report generated: output\\scan_report.html", "module": "main", "function": "generate_html_report", "line": 1367}
{"timestamp": "2025-09-12T11:20:36.462684", "level": "INFO", "logger": "root", "message": "Cleaned up 6 JSON files from output directory", "module": "main", "function": "cleanup_json_files", "line": 1411}
{"timestamp": "2025-09-12T11:20:36.469635", "level": "INFO", "logger": "root", "message": "Artifacts cleaned up", "module": "main", "function": "cleanup_artifacts", "line": 1380}
{"timestamp": "2025-09-12T11:20:36.726835", "level": "INFO", "logger": "root", "message": "EVTX export (all) -> C:\\scanner\\scanner_ioc\\output\\evtx_all: {'exported': 0, 'skipped': 1191, 'errors': 0}", "module": "main", "function": "main", "line": 1641}
{"timestamp": "2025-09-12T11:20:36.772729", "level": "INFO", "logger": "root", "message": "Chainsaw hunt start: bin=chainsaw/chainsaw.exe rules=C:\\Users\\sk.batsiev\\AppData\\Local\\Temp\\_MEI25522\\rules\\sigma inputs=1191 out=output\\chainsaw", "module": "main", "function": "main", "line": 1656}
{"timestamp": "2025-09-12T11:23:08.182347", "level": "INFO", "logger": "root", "message": "Chainsaw hunt done: findings=589 errors=0", "module": "main", "function": "main", "line": 1668}
{"timestamp": "2025-09-12T11:23:08.326861", "level": "INFO", "logger": "root", "message": "Sigma results saved: output/findings_sigma_scanner.json and output/sigma_findings.json", "module": "main", "function": "main", "line": 1708}
{"timestamp": "2025-09-12T11:23:08.327784", "level": "INFO", "logger": "root", "message": "Sigma скан завершен успешно. Папка с результатами: C:\\scanner\\scanner_ioc\\dist\\JetCSIRT_ready\\output (файлы: sigma_findings.json, findings_sigma_scanner.json)", "module": "main", "function": "main", "line": 1717}
{"timestamp": "2025-09-12T11:23:08.328948", "level": "INFO", "logger": "root", "message": "Chainsaw output directory: C:\\scanner\\scanner_ioc\\dist\\JetCSIRT_ready\\output\\chainsaw", "module": "main", "function": "main", "line": 1724}
{"timestamp": "2025-09-12T11:23:08.510643", "level": "INFO", "logger": "root", "message": "Detailed HTML report generated: output\\scan_report.html", "module": "main", "function": "generate_html_report", "line": 1367}
{"timestamp": "2025-09-12T11:23:08.513093", "level": "INFO", "logger": "root", "message": "No JSON files found to clean up", "module": "main", "function": "cleanup_json_files", "line": 1413}
