{"timestamp": "2025-08-23T21:17:16.452944", "level": "INFO", "logger": "root", "message": "Starting scanner: network_scanner", "module": "__main_optimized__", "function": "run_parallel_scanners", "line": 160}
{"timestamp": "2025-08-23T21:17:16.472897", "level": "INFO", "logger": "root", "message": "Starting scanner: system_scanner", "module": "__main_optimized__", "function": "run_parallel_scanners", "line": 160}
{"timestamp": "2025-08-23T21:17:16.482521", "level": "INFO", "logger": "root", "message": "Starting scanner: ioc_scanner", "module": "__main_optimized__", "function": "run_parallel_scanners", "line": 160}
{"timestamp": "2025-08-23T21:17:16.508550", "level": "INFO", "logger": "root", "message": "Starting scanner: memory_scanner", "module": "__main_optimized__", "function": "run_parallel_scanners", "line": 160}
{"timestamp": "2025-08-23T21:17:16.519643", "level": "INFO", "logger": "root", "message": "Starting scanner: yara_scanner", "module": "__main_optimized__", "function": "run_parallel_scanners", "line": 160}
{"timestamp": "2025-08-23T21:17:16.533613", "level": "INFO", "logger": "root", "message": "Starting scanner: registry_scanner", "module": "__main_optimized__", "function": "run_parallel_scanners", "line": 160}
{"timestamp": "2025-08-23T21:17:17.182127", "level": "INFO", "logger": "root", "message": "Created scanner: network_scanner", "module": "scanner_factory", "function": "create_scanners", "line": 70}
{"timestamp": "2025-08-23T21:17:17.187297", "level": "INFO", "logger": "root", "message": "Created scanner: system_scanner", "module": "scanner_factory", "function": "create_scanners", "line": 70}
{"timestamp": "2025-08-23T21:17:17.224808", "level": "INFO", "logger": "JetCSIRT.ioc_scanner", "message": "[IOC] Загружено 35 индикаторов из JSON rules/ioc/indicators.json", "module": "ioc_scanner", "function": "load_ioc", "line": 61}
{"timestamp": "2025-08-23T21:17:17.229916", "level": "INFO", "logger": "root", "message": "Created scanner: network_scanner", "module": "scanner_factory", "function": "create_scanners", "line": 70}
{"timestamp": "2025-08-23T21:17:17.231333", "level": "INFO", "logger": "root", "message": "Created scanner: system_scanner", "module": "scanner_factory", "function": "create_scanners", "line": 70}
{"timestamp": "2025-08-23T21:17:17.245208", "level": "INFO", "logger": "JetCSIRT.ioc_scanner", "message": "[IOC] Загружено 35 индикаторов из JSON rules/ioc/indicators.json", "module": "ioc_scanner", "function": "load_ioc", "line": 61}
{"timestamp": "2025-08-23T21:17:17.251146", "level": "INFO", "logger": "JetCSIRT.ioc_scanner", "message": "[IOC] Загружено 51 индикаторов из CSV rules/ioc/indicators.csv", "module": "ioc_scanner", "function": "load_ioc", "line": 74}
{"timestamp": "2025-08-23T21:17:17.252108", "level": "INFO", "logger": "root", "message": "Created scanner: ioc_scanner", "module": "scanner_factory", "function": "create_scanners", "line": 70}
{"timestamp": "2025-08-23T21:17:17.253243", "level": "INFO", "logger": "JetCSIRT.MemoryScanner", "message": "YARA version: 4.5.4", "module": "memory_scanner", "function": "_adapt_yara_rules_for_version", "line": 64}
{"timestamp": "2025-08-23T21:17:17.262898", "level": "INFO", "logger": "JetCSIRT.ioc_scanner", "message": "[IOC] Загружено 51 индикаторов из CSV rules/ioc/indicators.csv", "module": "ioc_scanner", "function": "load_ioc", "line": 74}
{"timestamp": "2025-08-23T21:17:17.265631", "level": "INFO", "logger": "root", "message": "Created scanner: ioc_scanner", "module": "scanner_factory", "function": "create_scanners", "line": 70}
{"timestamp": "2025-08-23T21:17:17.275362", "level": "INFO", "logger": "JetCSIRT.MemoryScanner", "message": "YARA version: 4.5.4", "module": "memory_scanner", "function": "_adapt_yara_rules_for_version", "line": 64}
{"timestamp": "2025-08-23T21:17:17.280992", "level": "INFO", "logger": "root", "message": "Created scanner: network_scanner", "module": "scanner_factory", "function": "create_scanners", "line": 70}
{"timestamp": "2025-08-23T21:17:17.284726", "level": "INFO", "logger": "root", "message": "Created scanner: system_scanner", "module": "scanner_factory", "function": "create_scanners", "line": 70}
{"timestamp": "2025-08-23T21:17:17.296120", "level": "INFO", "logger": "JetCSIRT.ioc_scanner", "message": "[IOC] Загружено 35 индикаторов из JSON rules/ioc/indicators.json", "module": "ioc_scanner", "function": "load_ioc", "line": 61}
{"timestamp": "2025-08-23T21:17:17.298701", "level": "INFO", "logger": "JetCSIRT.ioc_scanner", "message": "[IOC] Загружено 51 индикаторов из CSV rules/ioc/indicators.csv", "module": "ioc_scanner", "function": "load_ioc", "line": 74}
{"timestamp": "2025-08-23T21:17:17.299797", "level": "INFO", "logger": "root", "message": "Created scanner: ioc_scanner", "module": "scanner_factory", "function": "create_scanners", "line": 70}
{"timestamp": "2025-08-23T21:17:17.300997", "level": "INFO", "logger": "JetCSIRT.MemoryScanner", "message": "YARA version: 4.5.4", "module": "memory_scanner", "function": "_adapt_yara_rules_for_version", "line": 64}
{"timestamp": "2025-08-23T21:17:17.317096", "level": "INFO", "logger": "root", "message": "Created scanner: network_scanner", "module": "scanner_factory", "function": "create_scanners", "line": 70}
{"timestamp": "2025-08-23T21:17:17.325653", "level": "INFO", "logger": "root", "message": "Created scanner: network_scanner", "module": "scanner_factory", "function": "create_scanners", "line": 70}
{"timestamp": "2025-08-23T21:17:17.326571", "level": "INFO", "logger": "root", "message": "Created scanner: system_scanner", "module": "scanner_factory", "function": "create_scanners", "line": 70}
{"timestamp": "2025-08-23T21:17:17.328112", "level": "INFO", "logger": "root", "message": "Created scanner: system_scanner", "module": "scanner_factory", "function": "create_scanners", "line": 70}
{"timestamp": "2025-08-23T21:17:17.330973", "level": "INFO", "logger": "JetCSIRT.ioc_scanner", "message": "[IOC] Загружено 35 индикаторов из JSON rules/ioc/indicators.json", "module": "ioc_scanner", "function": "load_ioc", "line": 61}
{"timestamp": "2025-08-23T21:17:17.336985", "level": "INFO", "logger": "JetCSIRT.ioc_scanner", "message": "[IOC] Загружено 51 индикаторов из CSV rules/ioc/indicators.csv", "module": "ioc_scanner", "function": "load_ioc", "line": 74}
{"timestamp": "2025-08-23T21:17:17.339033", "level": "INFO", "logger": "root", "message": "Created scanner: ioc_scanner", "module": "scanner_factory", "function": "create_scanners", "line": 70}
{"timestamp": "2025-08-23T21:17:17.341029", "level": "INFO", "logger": "JetCSIRT.MemoryScanner", "message": "YARA version: 4.5.4", "module": "memory_scanner", "function": "_adapt_yara_rules_for_version", "line": 64}
{"timestamp": "2025-08-23T21:17:17.346851", "level": "INFO", "logger": "JetCSIRT.ioc_scanner", "message": "[IOC] Загружено 35 индикаторов из JSON rules/ioc/indicators.json", "module": "ioc_scanner", "function": "load_ioc", "line": 61}
{"timestamp": "2025-08-23T21:17:17.351511", "level": "INFO", "logger": "JetCSIRT.ioc_scanner", "message": "[IOC] Загружено 51 индикаторов из CSV rules/ioc/indicators.csv", "module": "ioc_scanner", "function": "load_ioc", "line": 74}
{"timestamp": "2025-08-23T21:17:17.352982", "level": "INFO", "logger": "root", "message": "Created scanner: ioc_scanner", "module": "scanner_factory", "function": "create_scanners", "line": 70}
{"timestamp": "2025-08-23T21:17:17.355278", "level": "INFO", "logger": "JetCSIRT.MemoryScanner", "message": "YARA version: 4.5.4", "module": "memory_scanner", "function": "_adapt_yara_rules_for_version", "line": 64}
{"timestamp": "2025-08-23T21:17:17.421621", "level": "INFO", "logger": "JetCSIRT.MemoryScanner", "message": "Loaded 4 memory YARA rules", "module": "memory_scanner", "function": "load_yara_rules", "line": 138}
{"timestamp": "2025-08-23T21:17:17.424680", "level": "INFO", "logger": "JetCSIRT.MemoryScanner", "message": "Loaded 4 memory YARA rules", "module": "memory_scanner", "function": "load_yara_rules", "line": 138}
{"timestamp": "2025-08-23T21:17:17.425134", "level": "INFO", "logger": "root", "message": "Created scanner: memory_scanner", "module": "scanner_factory", "function": "create_scanners", "line": 70}
{"timestamp": "2025-08-23T21:17:17.422056", "level": "INFO", "logger": "root", "message": "Created scanner: memory_scanner", "module": "scanner_factory", "function": "create_scanners", "line": 70}
{"timestamp": "2025-08-23T21:17:17.421658", "level": "INFO", "logger": "JetCSIRT.MemoryScanner", "message": "Loaded 4 memory YARA rules", "module": "memory_scanner", "function": "load_yara_rules", "line": 138}
{"timestamp": "2025-08-23T21:17:17.426123", "level": "INFO", "logger": "JetCSIRT.MemoryScanner", "message": "Loaded 4 memory YARA rules", "module": "memory_scanner", "function": "load_yara_rules", "line": 138}
{"timestamp": "2025-08-23T21:17:17.426692", "level": "INFO", "logger": "root", "message": "Created scanner: memory_scanner", "module": "scanner_factory", "function": "create_scanners", "line": 70}
{"timestamp": "2025-08-23T21:17:17.423492", "level": "INFO", "logger": "JetCSIRT.MemoryScanner", "message": "Loaded 4 memory YARA rules", "module": "memory_scanner", "function": "load_yara_rules", "line": 138}
{"timestamp": "2025-08-23T21:17:17.431519", "level": "INFO", "logger": "JetCSIRT.YaraScanner", "message": "YARA version: 4.5.4", "module": "yara_scanner", "function": "_adapt_yara_rules_for_version", "line": 136}
{"timestamp": "2025-08-23T21:17:17.432155", "level": "INFO", "logger": "root", "message": "Created scanner: memory_scanner", "module": "scanner_factory", "function": "create_scanners", "line": 70}
{"timestamp": "2025-08-23T21:17:17.433002", "level": "INFO", "logger": "JetCSIRT.YaraScanner", "message": "YARA version: 4.5.4", "module": "yara_scanner", "function": "_adapt_yara_rules_for_version", "line": 136}
{"timestamp": "2025-08-23T21:17:17.434415", "level": "INFO", "logger": "root", "message": "Created scanner: memory_scanner", "module": "scanner_factory", "function": "create_scanners", "line": 70}
{"timestamp": "2025-08-23T21:17:17.447229", "level": "INFO", "logger": "root", "message": "Created scanner: network_scanner", "module": "scanner_factory", "function": "create_scanners", "line": 70}
{"timestamp": "2025-08-23T21:17:17.448493", "level": "INFO", "logger": "root", "message": "Created scanner: system_scanner", "module": "scanner_factory", "function": "create_scanners", "line": 70}
{"timestamp": "2025-08-23T21:17:17.444174", "level": "INFO", "logger": "JetCSIRT.YaraScanner", "message": "YARA version: 4.5.4", "module": "yara_scanner", "function": "_adapt_yara_rules_for_version", "line": 136}
{"timestamp": "2025-08-23T21:17:17.450441", "level": "INFO", "logger": "JetCSIRT.YaraScanner", "message": "YARA version: 4.5.4", "module": "yara_scanner", "function": "_adapt_yara_rules_for_version", "line": 136}
{"timestamp": "2025-08-23T21:17:17.439453", "level": "INFO", "logger": "JetCSIRT.YaraScanner", "message": "YARA version: 4.5.4", "module": "yara_scanner", "function": "_adapt_yara_rules_for_version", "line": 136}
{"timestamp": "2025-08-23T21:17:17.450620", "level": "INFO", "logger": "JetCSIRT.ioc_scanner", "message": "[IOC] Загружено 35 индикаторов из JSON rules/ioc/indicators.json", "module": "ioc_scanner", "function": "load_ioc", "line": 61}
{"timestamp": "2025-08-23T21:17:17.453642", "level": "INFO", "logger": "JetCSIRT.ioc_scanner", "message": "[IOC] Загружено 51 индикаторов из CSV rules/ioc/indicators.csv", "module": "ioc_scanner", "function": "load_ioc", "line": 74}
{"timestamp": "2025-08-23T21:17:17.454498", "level": "INFO", "logger": "root", "message": "Created scanner: ioc_scanner", "module": "scanner_factory", "function": "create_scanners", "line": 70}
{"timestamp": "2025-08-23T21:17:17.455377", "level": "INFO", "logger": "JetCSIRT.MemoryScanner", "message": "YARA version: 4.5.4", "module": "memory_scanner", "function": "_adapt_yara_rules_for_version", "line": 64}
{"timestamp": "2025-08-23T21:17:17.463156", "level": "INFO", "logger": "JetCSIRT.MemoryScanner", "message": "Loaded 4 memory YARA rules", "module": "memory_scanner", "function": "load_yara_rules", "line": 138}
{"timestamp": "2025-08-23T21:17:17.464597", "level": "INFO", "logger": "root", "message": "Created scanner: memory_scanner", "module": "scanner_factory", "function": "create_scanners", "line": 70}
{"timestamp": "2025-08-23T21:17:17.471837", "level": "INFO", "logger": "JetCSIRT.YaraScanner", "message": "YARA version: 4.5.4", "module": "yara_scanner", "function": "_adapt_yara_rules_for_version", "line": 136}
{"timestamp": "2025-08-23T21:17:29.666219", "level": "INFO", "logger": "JetCSIRT.YaraScanner", "message": "[YARA] Загружено 212 YARA правил (.yar) из rules\\yara", "module": "yara_scanner", "function": "load_yara_rules", "line": 218}
{"timestamp": "2025-08-23T21:17:29.671982", "level": "INFO", "logger": "root", "message": "Created scanner: yara_scanner", "module": "scanner_factory", "function": "create_scanners", "line": 70}
{"timestamp": "2025-08-23T21:17:29.662108", "level": "INFO", "logger": "JetCSIRT.YaraScanner", "message": "[YARA] Загружено 212 YARA правил (.yar) из rules\\yara", "module": "yara_scanner", "function": "load_yara_rules", "line": 218}
{"timestamp": "2025-08-23T21:17:29.675258", "level": "INFO", "logger": "root", "message": "Created scanner: yara_scanner", "module": "scanner_factory", "function": "create_scanners", "line": 70}
{"timestamp": "2025-08-23T21:17:29.678435", "level": "INFO", "logger": "JetCSIRT.YaraScanner", "message": "[YARA] Загружено 212 YARA правил (.yar) из rules\\yara", "module": "yara_scanner", "function": "load_yara_rules", "line": 218}
{"timestamp": "2025-08-23T21:17:29.679266", "level": "INFO", "logger": "root", "message": "Created scanner: yara_scanner", "module": "scanner_factory", "function": "create_scanners", "line": 70}
{"timestamp": "2025-08-23T21:17:29.680714", "level": "INFO", "logger": "JetCSIRT.YaraScanner", "message": "[YARA] Загружено 212 YARA правил (.yar) из rules\\yara", "module": "yara_scanner", "function": "load_yara_rules", "line": 218}
{"timestamp": "2025-08-23T21:17:29.681341", "level": "INFO", "logger": "root", "message": "Created scanner: yara_scanner", "module": "scanner_factory", "function": "create_scanners", "line": 70}
{"timestamp": "2025-08-23T21:17:29.750433", "level": "INFO", "logger": "JetCSIRT.YaraScanner", "message": "[YARA] Загружено 212 YARA правил (.yar) из rules\\yara", "module": "yara_scanner", "function": "load_yara_rules", "line": 218}
{"timestamp": "2025-08-23T21:17:29.753533", "level": "INFO", "logger": "root", "message": "Created scanner: yara_scanner", "module": "scanner_factory", "function": "create_scanners", "line": 70}
{"timestamp": "2025-08-23T21:17:29.781125", "level": "INFO", "logger": "root", "message": "Created scanner: registry_scanner", "module": "scanner_factory", "function": "create_scanners", "line": 70}
{"timestamp": "2025-08-23T21:17:29.781703", "level": "INFO", "logger": "JetCSIRT.registry_scanner", "message": "Scan started", "module": "logger", "function": "log_scan_start", "line": 114, "event_type": "scan_start", "scanner": "registry_scanner", "config": {"enabled": true, "priority": 7, "config_file": "config/registry_scanners/registry_scanner.yaml"}}
{"timestamp": "2025-08-23T21:17:29.782387", "level": "ERROR", "logger": "JetCSIRT.registry_scanner", "message": "Error during cleanup: 'RegistryCache' object has no attribute '_cleanup_cache'", "module": "registry_scanner", "function": "_cleanup", "line": 385}
{"timestamp": "2025-08-23T21:17:29.783840", "level": "INFO", "logger": "JetCSIRT.YaraScanner", "message": "[YARA] Загружено 212 YARA правил (.yar) из rules\\yara", "module": "yara_scanner", "function": "load_yara_rules", "line": 218}
{"timestamp": "2025-08-23T21:17:29.784431", "level": "INFO", "logger": "JetCSIRT.registry_scanner", "message": "Results saved to: output\\registry_scanner_20250823_211729.json", "module": "base_scanner", "function": "save_results", "line": 201}
{"timestamp": "2025-08-23T21:17:29.784703", "level": "INFO", "logger": "root", "message": "Created scanner: yara_scanner", "module": "scanner_factory", "function": "create_scanners", "line": 70}
{"timestamp": "2025-08-23T21:17:29.785217", "level": "INFO", "logger": "JetCSIRT.registry_scanner", "message": "Scan completed", "module": "logger", "function": "log_scan_complete", "line": 125, "event_type": "scan_complete", "scanner": "registry_scanner", "findings_count": 0, "duration_seconds": 0.0035581588745117188}
{"timestamp": "2025-08-23T21:17:29.790581", "level": "INFO", "logger": "root", "message": "Created scanner: registry_scanner", "module": "scanner_factory", "function": "create_scanners", "line": 70}
{"timestamp": "2025-08-23T21:17:29.789533", "level": "INFO", "logger": "root", "message": "Results saved: output\\findings_registry_scanner.json", "module": "__main_optimized__", "function": "run_single_scanner", "line": 103}
{"timestamp": "2025-08-23T21:17:29.786946", "level": "INFO", "logger": "root", "message": "Created scanner: registry_scanner", "module": "scanner_factory", "function": "create_scanners", "line": 70}
{"timestamp": "2025-08-23T21:17:29.787171", "level": "INFO", "logger": "root", "message": "Created scanner: registry_scanner", "module": "scanner_factory", "function": "create_scanners", "line": 70}
{"timestamp": "2025-08-23T21:17:29.790825", "level": "INFO", "logger": "root", "message": "Created scanner: registry_scanner", "module": "scanner_factory", "function": "create_scanners", "line": 70}
{"timestamp": "2025-08-23T21:17:29.791264", "level": "INFO", "logger": "JetCSIRT.ioc_scanner", "message": "Scan started", "module": "logger", "function": "log_scan_start", "line": 114, "event_type": "scan_start", "scanner": "ioc_scanner", "config": {"enabled": true, "priority": 5, "config_file": "config/ioc_scanners/ioc_scanner.yaml"}}
{"timestamp": "2025-08-23T21:17:29.793817", "level": "INFO", "logger": "JetCSIRT.yara_scanner", "message": "Scan started", "module": "logger", "function": "log_scan_start", "line": 114, "event_type": "scan_start", "scanner": "yara_scanner", "config": {"enabled": true, "priority": 3, "config_file": "config/file_scanners/yara_scanner.yaml"}}
{"timestamp": "2025-08-23T21:17:29.794515", "level": "INFO", "logger": "JetCSIRT.YaraScanner", "message": "Начинаем оптимизированное сканирование с 4 потоками", "module": "yara_scanner", "function": "scan", "line": 573}
{"timestamp": "2025-08-23T21:17:29.793480", "level": "INFO", "logger": "JetCSIRT.network_scanner", "message": "Scan started", "module": "logger", "function": "log_scan_start", "line": 114, "event_type": "scan_start", "scanner": "network_scanner", "config": {"enabled": true, "priority": 1, "config_file": "config/network_scanners/network_scanner.yaml"}}
{"timestamp": "2025-08-23T21:17:29.792927", "level": "INFO", "logger": "JetCSIRT.memory_scanner", "message": "Scan started", "module": "logger", "function": "log_scan_start", "line": 114, "event_type": "scan_start", "scanner": "memory_scanner", "config": {"enabled": true, "priority": 6, "config_file": "config/memory_scanners/memory_scanner.yaml", "memory_rules_dir": "rules/memory"}}
{"timestamp": "2025-08-23T21:17:29.791342", "level": "INFO", "logger": "root", "message": "Created scanner: registry_scanner", "module": "scanner_factory", "function": "create_scanners", "line": 70}
{"timestamp": "2025-08-23T21:17:29.806296", "level": "INFO", "logger": "JetCSIRT.system_scanner", "message": "Scan started", "module": "logger", "function": "log_scan_start", "line": 114, "event_type": "scan_start", "scanner": "system_scanner", "config": {"enabled": true, "priority": 4, "config_file": "config/system_scanners/system_scanner.yaml"}}
{"timestamp": "2025-08-23T21:17:30.051571", "level": "INFO", "logger": "JetCSIRT.MemoryScanner", "message": "Найдено 123 процессов для сканирования", "module": "memory_scanner", "function": "scan", "line": 305}
{"timestamp": "2025-08-23T21:17:33.316648", "level": "INFO", "logger": "JetCSIRT.MemoryScanner", "message": "Results saved to: output\\memory_scanner_20250823_211733.json", "module": "base_scanner", "function": "save_results", "line": 201}
{"timestamp": "2025-08-23T21:17:33.317111", "level": "INFO", "logger": "JetCSIRT.memory_scanner", "message": "Scan completed", "module": "logger", "function": "log_scan_complete", "line": 125, "event_type": "scan_complete", "scanner": "memory_scanner", "findings_count": 0, "duration_seconds": 3.5242438316345215}
{"timestamp": "2025-08-23T21:17:33.322006", "level": "INFO", "logger": "root", "message": "Results saved: output\\findings_memory_scanner.json", "module": "__main_optimized__", "function": "run_single_scanner", "line": 103}
{"timestamp": "2025-08-23T21:17:33.337995", "level": "INFO", "logger": "JetCSIRT.system_scanner", "message": "Results saved to: output\\system_scanner_20250823_211733.json", "module": "base_scanner", "function": "save_results", "line": 201}
{"timestamp": "2025-08-23T21:17:33.338912", "level": "INFO", "logger": "JetCSIRT.system_scanner", "message": "Scan completed", "module": "logger", "function": "log_scan_complete", "line": 125, "event_type": "scan_complete", "scanner": "system_scanner", "findings_count": 5, "duration_seconds": 3.532677412033081}
{"timestamp": "2025-08-23T21:17:33.356505", "level": "INFO", "logger": "root", "message": "Results saved: output\\findings_system_scanner.json", "module": "__main_optimized__", "function": "run_single_scanner", "line": 103}
{"timestamp": "2025-08-23T21:17:48.683789", "level": "INFO", "logger": "JetCSIRT.network_scanner", "message": "Results saved to: output\\network_scanner_20250823_211748.json", "module": "base_scanner", "function": "save_results", "line": 201}
{"timestamp": "2025-08-23T21:17:48.684854", "level": "INFO", "logger": "JetCSIRT.network_scanner", "message": "Scan completed", "module": "logger", "function": "log_scan_complete", "line": 125, "event_type": "scan_complete", "scanner": "network_scanner", "findings_count": 2, "duration_seconds": 18.891390323638916}
{"timestamp": "2025-08-23T21:17:48.690665", "level": "INFO", "logger": "root", "message": "Results saved: output\\findings_network_scanner.json", "module": "__main_optimized__", "function": "run_single_scanner", "line": 103}
{"timestamp": "2025-08-23T21:17:48.736465", "level": "INFO", "logger": "JetCSIRT.ioc_scanner", "message": "Results saved to: output\\ioc_scanner_20250823_211748.json", "module": "base_scanner", "function": "save_results", "line": 201}
{"timestamp": "2025-08-23T21:17:48.738721", "level": "INFO", "logger": "JetCSIRT.ioc_scanner", "message": "Scan completed", "module": "logger", "function": "log_scan_complete", "line": 125, "event_type": "scan_complete", "scanner": "ioc_scanner", "findings_count": 0, "duration_seconds": 18.94589328765869}
{"timestamp": "2025-08-23T21:17:48.751766", "level": "INFO", "logger": "root", "message": "Results saved: output\\findings_ioc_scanner.json", "module": "__main_optimized__", "function": "run_single_scanner", "line": 103}
{"timestamp": "2025-08-23T21:18:44.565736", "level": "INFO", "logger": "JetCSIRT.YaraScanner", "message": "Найдено 74367 файлов для сканирования", "module": "yara_scanner", "function": "scan", "line": 590}
{"timestamp": "2025-08-23T21:35:39.874271", "level": "INFO", "logger": "JetCSIRT.YaraScanner", "message": "Сканирование завершено за 1090.1 сек", "module": "yara_scanner", "function": "scan", "line": 643}
{"timestamp": "2025-08-23T21:35:39.874921", "level": "INFO", "logger": "JetCSIRT.YaraScanner", "message": "Статистика: 74367 файлов, 0 пропущено, 840 угроз найдено", "module": "yara_scanner", "function": "scan", "line": 644}
{"timestamp": "2025-08-23T21:35:44.570235", "level": "INFO", "logger": "JetCSIRT.YaraScanner", "message": "Results saved to: output\\yara_scanner_20250823_213544.json", "module": "base_scanner", "function": "save_results", "line": 201}
{"timestamp": "2025-08-23T21:35:44.570910", "level": "INFO", "logger": "JetCSIRT.yara_scanner", "message": "Scan completed", "module": "logger", "function": "log_scan_complete", "line": 125, "event_type": "scan_complete", "scanner": "yara_scanner", "findings_count": 840, "duration_seconds": 1094.7771401405334}
{"timestamp": "2025-08-23T21:35:44.922669", "level": "INFO", "logger": "root", "message": "Results saved: output\\findings_yara_scanner.json", "module": "__main_optimized__", "function": "run_single_scanner", "line": 103}
{"timestamp": "2025-08-23T21:35:51.060932", "level": "INFO", "logger": "root", "message": "Detailed HTML report generated: output\\scan_report.html", "module": "__main_optimized__", "function": "generate_html_report", "line": 1202}
{"timestamp": "2025-08-23T21:35:51.074280", "level": "INFO", "logger": "root", "message": "Cleaned up 12 JSON files from output directory", "module": "__main_optimized__", "function": "cleanup_json_files", "line": 1239}
{"timestamp": "2025-08-23T21:35:51.595060", "level": "INFO", "logger": "root", "message": "Artifacts cleaned up", "module": "__main_optimized__", "function": "cleanup_artifacts", "line": 1214}
{"timestamp": "2025-08-23T22:51:29.214194", "level": "INFO", "logger": "root", "message": "Starting scanner: network_scanner", "module": "main", "function": "run_parallel_scanners", "line": 164}
{"timestamp": "2025-08-23T22:51:29.289973", "level": "INFO", "logger": "root", "message": "Starting scanner: system_scanner", "module": "main", "function": "run_parallel_scanners", "line": 164}
{"timestamp": "2025-08-23T22:51:29.297763", "level": "INFO", "logger": "root", "message": "Starting scanner: ioc_scanner", "module": "main", "function": "run_parallel_scanners", "line": 164}
{"timestamp": "2025-08-23T22:51:29.314691", "level": "INFO", "logger": "root", "message": "Starting scanner: memory_scanner", "module": "main", "function": "run_parallel_scanners", "line": 164}
{"timestamp": "2025-08-23T22:51:29.374954", "level": "INFO", "logger": "root", "message": "Starting scanner: yara_scanner", "module": "main", "function": "run_parallel_scanners", "line": 164}
{"timestamp": "2025-08-23T22:51:29.383495", "level": "INFO", "logger": "root", "message": "Starting scanner: registry_scanner", "module": "main", "function": "run_parallel_scanners", "line": 164}
{"timestamp": "2025-08-23T22:51:30.099798", "level": "INFO", "logger": "root", "message": "Created scanner: network_scanner", "module": "scanner_factory", "function": "create_scanners", "line": 70}
{"timestamp": "2025-08-23T22:51:30.115986", "level": "INFO", "logger": "root", "message": "Created scanner: system_scanner", "module": "scanner_factory", "function": "create_scanners", "line": 70}
{"timestamp": "2025-08-23T22:51:30.112095", "level": "INFO", "logger": "root", "message": "Created scanner: network_scanner", "module": "scanner_factory", "function": "create_scanners", "line": 70}
{"timestamp": "2025-08-23T22:51:30.133455", "level": "INFO", "logger": "root", "message": "Created scanner: system_scanner", "module": "scanner_factory", "function": "create_scanners", "line": 70}
{"timestamp": "2025-08-23T22:51:30.136178", "level": "INFO", "logger": "JetCSIRT.ioc_scanner", "message": "[IOC] Загружено 35 индикаторов из JSON rules/ioc/indicators.json", "module": "ioc_scanner", "function": "load_ioc", "line": 61}
{"timestamp": "2025-08-23T22:51:30.138111", "level": "INFO", "logger": "JetCSIRT.ioc_scanner", "message": "[IOC] Загружено 51 индикаторов из CSV rules/ioc/indicators.csv", "module": "ioc_scanner", "function": "load_ioc", "line": 74}
{"timestamp": "2025-08-23T22:51:30.139019", "level": "INFO", "logger": "root", "message": "Created scanner: ioc_scanner", "module": "scanner_factory", "function": "create_scanners", "line": 70}
{"timestamp": "2025-08-23T22:51:30.140645", "level": "INFO", "logger": "JetCSIRT.MemoryScanner", "message": "YARA version: 4.5.4", "module": "memory_scanner", "function": "_adapt_yara_rules_for_version", "line": 64}
{"timestamp": "2025-08-23T22:51:30.143390", "level": "INFO", "logger": "JetCSIRT.ioc_scanner", "message": "[IOC] Загружено 35 индикаторов из JSON rules/ioc/indicators.json", "module": "ioc_scanner", "function": "load_ioc", "line": 61}
{"timestamp": "2025-08-23T22:51:30.142326", "level": "INFO", "logger": "root", "message": "Created scanner: network_scanner", "module": "scanner_factory", "function": "create_scanners", "line": 70}
{"timestamp": "2025-08-23T22:51:30.148112", "level": "INFO", "logger": "root", "message": "Created scanner: system_scanner", "module": "scanner_factory", "function": "create_scanners", "line": 70}
{"timestamp": "2025-08-23T22:51:30.149521", "level": "INFO", "logger": "JetCSIRT.ioc_scanner", "message": "[IOC] Загружено 51 индикаторов из CSV rules/ioc/indicators.csv", "module": "ioc_scanner", "function": "load_ioc", "line": 74}
{"timestamp": "2025-08-23T22:51:30.131222", "level": "INFO", "logger": "root", "message": "Created scanner: network_scanner", "module": "scanner_factory", "function": "create_scanners", "line": 70}
{"timestamp": "2025-08-23T22:51:30.151626", "level": "INFO", "logger": "root", "message": "Created scanner: system_scanner", "module": "scanner_factory", "function": "create_scanners", "line": 70}
{"timestamp": "2025-08-23T22:51:30.148534", "level": "INFO", "logger": "JetCSIRT.MemoryScanner", "message": "Loaded 4 memory YARA rules", "module": "memory_scanner", "function": "load_yara_rules", "line": 138}
{"timestamp": "2025-08-23T22:51:30.154412", "level": "INFO", "logger": "JetCSIRT.ioc_scanner", "message": "[IOC] Загружено 35 индикаторов из JSON rules/ioc/indicators.json", "module": "ioc_scanner", "function": "load_ioc", "line": 61}
{"timestamp": "2025-08-23T22:51:30.154245", "level": "INFO", "logger": "JetCSIRT.ioc_scanner", "message": "[IOC] Загружено 35 индикаторов из JSON rules/ioc/indicators.json", "module": "ioc_scanner", "function": "load_ioc", "line": 61}
{"timestamp": "2025-08-23T22:51:30.153418", "level": "INFO", "logger": "root", "message": "Created scanner: memory_scanner", "module": "scanner_factory", "function": "create_scanners", "line": 70}
{"timestamp": "2025-08-23T22:51:30.150465", "level": "INFO", "logger": "root", "message": "Created scanner: ioc_scanner", "module": "scanner_factory", "function": "create_scanners", "line": 70}
{"timestamp": "2025-08-23T22:51:30.161397", "level": "INFO", "logger": "JetCSIRT.MemoryScanner", "message": "YARA version: 4.5.4", "module": "memory_scanner", "function": "_adapt_yara_rules_for_version", "line": 64}
{"timestamp": "2025-08-23T22:51:30.163152", "level": "INFO", "logger": "JetCSIRT.YaraScanner", "message": "YARA version: 4.5.4", "module": "yara_scanner", "function": "_adapt_yara_rules_for_version", "line": 177}
{"timestamp": "2025-08-23T22:51:30.157754", "level": "INFO", "logger": "JetCSIRT.ioc_scanner", "message": "[IOC] Загружено 51 индикаторов из CSV rules/ioc/indicators.csv", "module": "ioc_scanner", "function": "load_ioc", "line": 74}
{"timestamp": "2025-08-23T22:51:30.166354", "level": "INFO", "logger": "root", "message": "Created scanner: ioc_scanner", "module": "scanner_factory", "function": "create_scanners", "line": 70}
{"timestamp": "2025-08-23T22:51:30.167529", "level": "INFO", "logger": "JetCSIRT.MemoryScanner", "message": "Loaded 4 memory YARA rules", "module": "memory_scanner", "function": "load_yara_rules", "line": 138}
{"timestamp": "2025-08-23T22:51:30.169750", "level": "INFO", "logger": "root", "message": "Created scanner: memory_scanner", "module": "scanner_factory", "function": "create_scanners", "line": 70}
{"timestamp": "2025-08-23T22:51:30.181464", "level": "INFO", "logger": "JetCSIRT.ioc_scanner", "message": "[IOC] Загружено 51 индикаторов из CSV rules/ioc/indicators.csv", "module": "ioc_scanner", "function": "load_ioc", "line": 74}
{"timestamp": "2025-08-23T22:51:30.188207", "level": "INFO", "logger": "root", "message": "Created scanner: ioc_scanner", "module": "scanner_factory", "function": "create_scanners", "line": 70}
{"timestamp": "2025-08-23T22:51:30.189786", "level": "INFO", "logger": "JetCSIRT.MemoryScanner", "message": "YARA version: 4.5.4", "module": "memory_scanner", "function": "_adapt_yara_rules_for_version", "line": 64}
{"timestamp": "2025-08-23T22:51:30.193352", "level": "INFO", "logger": "root", "message": "Created scanner: network_scanner", "module": "scanner_factory", "function": "create_scanners", "line": 70}
{"timestamp": "2025-08-23T22:51:30.168612", "level": "INFO", "logger": "JetCSIRT.MemoryScanner", "message": "YARA version: 4.5.4", "module": "memory_scanner", "function": "_adapt_yara_rules_for_version", "line": 64}
{"timestamp": "2025-08-23T22:51:30.177376", "level": "INFO", "logger": "JetCSIRT.YaraScanner", "message": "YARA version: 4.5.4", "module": "yara_scanner", "function": "_adapt_yara_rules_for_version", "line": 177}
{"timestamp": "2025-08-23T22:51:30.195624", "level": "INFO", "logger": "JetCSIRT.MemoryScanner", "message": "Loaded 4 memory YARA rules", "module": "memory_scanner", "function": "load_yara_rules", "line": 138}
{"timestamp": "2025-08-23T22:51:30.201976", "level": "INFO", "logger": "root", "message": "Created scanner: memory_scanner", "module": "scanner_factory", "function": "create_scanners", "line": 70}
{"timestamp": "2025-08-23T22:51:30.209589", "level": "INFO", "logger": "JetCSIRT.YaraScanner", "message": "YARA version: 4.5.4", "module": "yara_scanner", "function": "_adapt_yara_rules_for_version", "line": 177}
{"timestamp": "2025-08-23T22:51:30.196115", "level": "INFO", "logger": "root", "message": "Created scanner: system_scanner", "module": "scanner_factory", "function": "create_scanners", "line": 70}
{"timestamp": "2025-08-23T22:51:30.235483", "level": "INFO", "logger": "JetCSIRT.ioc_scanner", "message": "[IOC] Загружено 35 индикаторов из JSON rules/ioc/indicators.json", "module": "ioc_scanner", "function": "load_ioc", "line": 61}
{"timestamp": "2025-08-23T22:51:30.250419", "level": "INFO", "logger": "JetCSIRT.ioc_scanner", "message": "[IOC] Загружено 51 индикаторов из CSV rules/ioc/indicators.csv", "module": "ioc_scanner", "function": "load_ioc", "line": 74}
{"timestamp": "2025-08-23T22:51:30.251800", "level": "INFO", "logger": "root", "message": "Created scanner: ioc_scanner", "module": "scanner_factory", "function": "create_scanners", "line": 70}
{"timestamp": "2025-08-23T22:51:30.253321", "level": "INFO", "logger": "JetCSIRT.MemoryScanner", "message": "YARA version: 4.5.4", "module": "memory_scanner", "function": "_adapt_yara_rules_for_version", "line": 64}
{"timestamp": "2025-08-23T22:51:30.258268", "level": "INFO", "logger": "JetCSIRT.MemoryScanner", "message": "Loaded 4 memory YARA rules", "module": "memory_scanner", "function": "load_yara_rules", "line": 138}
{"timestamp": "2025-08-23T22:51:30.259499", "level": "INFO", "logger": "root", "message": "Created scanner: memory_scanner", "module": "scanner_factory", "function": "create_scanners", "line": 70}
{"timestamp": "2025-08-23T22:51:30.265220", "level": "INFO", "logger": "JetCSIRT.YaraScanner", "message": "YARA version: 4.5.4", "module": "yara_scanner", "function": "_adapt_yara_rules_for_version", "line": 177}
{"timestamp": "2025-08-23T22:51:30.250100", "level": "INFO", "logger": "root", "message": "Created scanner: network_scanner", "module": "scanner_factory", "function": "create_scanners", "line": 70}
{"timestamp": "2025-08-23T22:51:30.279790", "level": "INFO", "logger": "root", "message": "Created scanner: system_scanner", "module": "scanner_factory", "function": "create_scanners", "line": 70}
{"timestamp": "2025-08-23T22:51:30.302456", "level": "INFO", "logger": "JetCSIRT.ioc_scanner", "message": "[IOC] Загружено 35 индикаторов из JSON rules/ioc/indicators.json", "module": "ioc_scanner", "function": "load_ioc", "line": 61}
{"timestamp": "2025-08-23T22:51:30.328434", "level": "INFO", "logger": "JetCSIRT.ioc_scanner", "message": "[IOC] Загружено 51 индикаторов из CSV rules/ioc/indicators.csv", "module": "ioc_scanner", "function": "load_ioc", "line": 74}
{"timestamp": "2025-08-23T22:51:30.339766", "level": "INFO", "logger": "root", "message": "Created scanner: ioc_scanner", "module": "scanner_factory", "function": "create_scanners", "line": 70}
{"timestamp": "2025-08-23T22:51:30.353355", "level": "INFO", "logger": "JetCSIRT.MemoryScanner", "message": "YARA version: 4.5.4", "module": "memory_scanner", "function": "_adapt_yara_rules_for_version", "line": 64}
{"timestamp": "2025-08-23T22:51:30.360712", "level": "INFO", "logger": "JetCSIRT.MemoryScanner", "message": "Loaded 4 memory YARA rules", "module": "memory_scanner", "function": "load_yara_rules", "line": 138}
{"timestamp": "2025-08-23T22:51:30.369240", "level": "INFO", "logger": "root", "message": "Created scanner: memory_scanner", "module": "scanner_factory", "function": "create_scanners", "line": 70}
{"timestamp": "2025-08-23T22:51:30.200514", "level": "INFO", "logger": "JetCSIRT.MemoryScanner", "message": "Loaded 4 memory YARA rules", "module": "memory_scanner", "function": "load_yara_rules", "line": 138}
{"timestamp": "2025-08-23T22:51:30.620477", "level": "INFO", "logger": "root", "message": "Created scanner: memory_scanner", "module": "scanner_factory", "function": "create_scanners", "line": 70}
{"timestamp": "2025-08-23T22:51:30.681861", "level": "INFO", "logger": "JetCSIRT.YaraScanner", "message": "YARA version: 4.5.4", "module": "yara_scanner", "function": "_adapt_yara_rules_for_version", "line": 177}
{"timestamp": "2025-08-23T22:51:30.560867", "level": "INFO", "logger": "JetCSIRT.YaraScanner", "message": "YARA version: 4.5.4", "module": "yara_scanner", "function": "_adapt_yara_rules_for_version", "line": 177}
{"timestamp": "2025-08-23T22:51:30.841304", "level": "INFO", "logger": "JetCSIRT.YaraScanner", "message": "[YARA] Загружено 212 YARA правил (.yar) из rules\\yara", "module": "yara_scanner", "function": "load_yara_rules", "line": 259}
{"timestamp": "2025-08-23T22:51:30.859423", "level": "INFO", "logger": "root", "message": "Created scanner: yara_scanner", "module": "scanner_factory", "function": "create_scanners", "line": 70}
{"timestamp": "2025-08-23T22:51:30.874536", "level": "INFO", "logger": "root", "message": "Created scanner: registry_scanner", "module": "scanner_factory", "function": "create_scanners", "line": 70}
{"timestamp": "2025-08-23T22:51:30.878445", "level": "INFO", "logger": "JetCSIRT.system_scanner", "message": "Scan started", "module": "logger", "function": "log_scan_start", "line": 114, "event_type": "scan_start", "scanner": "system_scanner", "config": {"enabled": true, "priority": 4, "config_file": "config/system_scanners/system_scanner.yaml"}}
{"timestamp": "2025-08-23T22:51:30.882249", "level": "INFO", "logger": "JetCSIRT.YaraScanner", "message": "[YARA] Загружено 212 YARA правил (.yar) из rules\\yara", "module": "yara_scanner", "function": "load_yara_rules", "line": 259}
{"timestamp": "2025-08-23T22:51:31.090354", "level": "INFO", "logger": "root", "message": "Created scanner: yara_scanner", "module": "scanner_factory", "function": "create_scanners", "line": 70}
{"timestamp": "2025-08-23T22:51:31.100083", "level": "INFO", "logger": "root", "message": "Created scanner: registry_scanner", "module": "scanner_factory", "function": "create_scanners", "line": 70}
{"timestamp": "2025-08-23T22:51:31.109889", "level": "INFO", "logger": "JetCSIRT.memory_scanner", "message": "Scan started", "module": "logger", "function": "log_scan_start", "line": 114, "event_type": "scan_start", "scanner": "memory_scanner", "config": {"enabled": true, "priority": 6, "config_file": "config/memory_scanners/memory_scanner.yaml", "memory_rules_dir": "rules/memory"}}
{"timestamp": "2025-08-23T22:51:31.130520", "level": "INFO", "logger": "JetCSIRT.YaraScanner", "message": "[YARA] Загружено 212 YARA правил (.yar) из rules\\yara", "module": "yara_scanner", "function": "load_yara_rules", "line": 259}
{"timestamp": "2025-08-23T22:51:31.135741", "level": "INFO", "logger": "root", "message": "Created scanner: yara_scanner", "module": "scanner_factory", "function": "create_scanners", "line": 70}
{"timestamp": "2025-08-23T22:51:31.146663", "level": "INFO", "logger": "JetCSIRT.YaraScanner", "message": "[YARA] Загружено 212 YARA правил (.yar) из rules\\yara", "module": "yara_scanner", "function": "load_yara_rules", "line": 259}
{"timestamp": "2025-08-23T22:51:31.152488", "level": "INFO", "logger": "root", "message": "Created scanner: yara_scanner", "module": "scanner_factory", "function": "create_scanners", "line": 70}
{"timestamp": "2025-08-23T22:51:31.157362", "level": "INFO", "logger": "root", "message": "Created scanner: registry_scanner", "module": "scanner_factory", "function": "create_scanners", "line": 70}
{"timestamp": "2025-08-23T22:51:31.158350", "level": "INFO", "logger": "JetCSIRT.ioc_scanner", "message": "Scan started", "module": "logger", "function": "log_scan_start", "line": 114, "event_type": "scan_start", "scanner": "ioc_scanner", "config": {"enabled": true, "priority": 5, "config_file": "config/ioc_scanners/ioc_scanner.yaml"}}
{"timestamp": "2025-08-23T22:51:31.144441", "level": "INFO", "logger": "root", "message": "Created scanner: registry_scanner", "module": "scanner_factory", "function": "create_scanners", "line": 70}
{"timestamp": "2025-08-23T22:51:31.163182", "level": "INFO", "logger": "JetCSIRT.registry_scanner", "message": "Scan started", "module": "logger", "function": "log_scan_start", "line": 114, "event_type": "scan_start", "scanner": "registry_scanner", "config": {"enabled": true, "priority": 7, "config_file": "config/registry_scanners/registry_scanner.yaml"}}
{"timestamp": "2025-08-23T22:51:31.172800", "level": "ERROR", "logger": "JetCSIRT.registry_scanner", "message": "Error during cleanup: 'RegistryCache' object has no attribute '_cleanup_cache'", "module": "registry_scanner", "function": "_cleanup", "line": 385}
{"timestamp": "2025-08-23T22:51:31.184160", "level": "INFO", "logger": "JetCSIRT.registry_scanner", "message": "Results saved to: output\\registry_scanner_20250823_225131.json", "module": "base_scanner", "function": "save_results", "line": 201}
{"timestamp": "2025-08-23T22:51:31.186951", "level": "INFO", "logger": "JetCSIRT.registry_scanner", "message": "Scan completed", "module": "logger", "function": "log_scan_complete", "line": 125, "event_type": "scan_complete", "scanner": "registry_scanner", "findings_count": 0, "duration_seconds": 0.023777246475219727}
{"timestamp": "2025-08-23T22:51:31.190135", "level": "INFO", "logger": "root", "message": "Results saved: output\\findings_registry_scanner.json", "module": "main", "function": "run_single_scanner", "line": 106}
{"timestamp": "2025-08-23T22:51:31.474518", "level": "INFO", "logger": "JetCSIRT.YaraScanner", "message": "[YARA] Загружено 212 YARA правил (.yar) из rules\\yara", "module": "yara_scanner", "function": "load_yara_rules", "line": 259}
{"timestamp": "2025-08-23T22:51:31.476562", "level": "INFO", "logger": "root", "message": "Created scanner: yara_scanner", "module": "scanner_factory", "function": "create_scanners", "line": 70}
{"timestamp": "2025-08-23T22:51:31.479302", "level": "INFO", "logger": "root", "message": "Created scanner: registry_scanner", "module": "scanner_factory", "function": "create_scanners", "line": 70}
{"timestamp": "2025-08-23T22:51:31.480495", "level": "INFO", "logger": "JetCSIRT.network_scanner", "message": "Scan started", "module": "logger", "function": "log_scan_start", "line": 114, "event_type": "scan_start", "scanner": "network_scanner", "config": {"enabled": true, "priority": 1, "config_file": "config/network_scanners/network_scanner.yaml"}}
{"timestamp": "2025-08-23T22:51:31.483111", "level": "INFO", "logger": "JetCSIRT.YaraScanner", "message": "[YARA] Загружено 212 YARA правил (.yar) из rules\\yara", "module": "yara_scanner", "function": "load_yara_rules", "line": 259}
{"timestamp": "2025-08-23T22:51:31.483775", "level": "INFO", "logger": "root", "message": "Created scanner: yara_scanner", "module": "scanner_factory", "function": "create_scanners", "line": 70}
{"timestamp": "2025-08-23T22:51:31.484519", "level": "INFO", "logger": "JetCSIRT.MemoryScanner", "message": "Найдено 135 процессов для сканирования", "module": "memory_scanner", "function": "scan", "line": 305}
{"timestamp": "2025-08-23T22:51:31.486216", "level": "INFO", "logger": "root", "message": "Created scanner: registry_scanner", "module": "scanner_factory", "function": "create_scanners", "line": 70}
{"timestamp": "2025-08-23T22:51:31.486941", "level": "INFO", "logger": "JetCSIRT.yara_scanner", "message": "Scan started", "module": "logger", "function": "log_scan_start", "line": 114, "event_type": "scan_start", "scanner": "yara_scanner", "config": {"enabled": true, "priority": 3, "config_file": "config/file_scanners/yara_scanner.yaml"}}
{"timestamp": "2025-08-23T22:51:31.489230", "level": "INFO", "logger": "JetCSIRT.YaraScanner", "message": "Начинаем оптимизированное сканирование с 4 потоками", "module": "yara_scanner", "function": "scan", "line": 614}
{"timestamp": "2025-08-23T22:51:34.672800", "level": "INFO", "logger": "JetCSIRT.MemoryScanner", "message": "Results saved to: output\\memory_scanner_20250823_225134.json", "module": "base_scanner", "function": "save_results", "line": 201}
{"timestamp": "2025-08-23T22:51:34.673185", "level": "INFO", "logger": "JetCSIRT.memory_scanner", "message": "Scan completed", "module": "logger", "function": "log_scan_complete", "line": 125, "event_type": "scan_complete", "scanner": "memory_scanner", "findings_count": 0, "duration_seconds": 3.5632927417755127}
{"timestamp": "2025-08-23T22:51:34.676089", "level": "INFO", "logger": "root", "message": "Results saved: output\\findings_memory_scanner.json", "module": "main", "function": "run_single_scanner", "line": 106}
{"timestamp": "2025-08-23T22:51:37.087703", "level": "INFO", "logger": "JetCSIRT.system_scanner", "message": "Results saved to: output\\system_scanner_20250823_225137.json", "module": "base_scanner", "function": "save_results", "line": 201}
{"timestamp": "2025-08-23T22:51:37.088324", "level": "INFO", "logger": "JetCSIRT.system_scanner", "message": "Scan completed", "module": "logger", "function": "log_scan_complete", "line": 125, "event_type": "scan_complete", "scanner": "system_scanner", "findings_count": 5, "duration_seconds": 6.209884166717529}
{"timestamp": "2025-08-23T22:51:37.105519", "level": "INFO", "logger": "root", "message": "Results saved: output\\findings_system_scanner.json", "module": "main", "function": "run_single_scanner", "line": 106}
{"timestamp": "2025-08-23T22:51:55.046250", "level": "INFO", "logger": "JetCSIRT.network_scanner", "message": "Results saved to: output\\network_scanner_20250823_225155.json", "module": "base_scanner", "function": "save_results", "line": 201}
{"timestamp": "2025-08-23T22:51:55.046940", "level": "INFO", "logger": "JetCSIRT.network_scanner", "message": "Scan completed", "module": "logger", "function": "log_scan_complete", "line": 125, "event_type": "scan_complete", "scanner": "network_scanner", "findings_count": 2, "duration_seconds": 23.566454648971558}
{"timestamp": "2025-08-23T22:51:55.052477", "level": "INFO", "logger": "root", "message": "Results saved: output\\findings_network_scanner.json", "module": "main", "function": "run_single_scanner", "line": 106}
{"timestamp": "2025-08-23T22:51:55.271598", "level": "INFO", "logger": "JetCSIRT.ioc_scanner", "message": "Results saved to: output\\ioc_scanner_20250823_225155.json", "module": "base_scanner", "function": "save_results", "line": 201}
{"timestamp": "2025-08-23T22:51:55.272007", "level": "INFO", "logger": "JetCSIRT.ioc_scanner", "message": "Scan completed", "module": "logger", "function": "log_scan_complete", "line": 125, "event_type": "scan_complete", "scanner": "ioc_scanner", "findings_count": 0, "duration_seconds": 24.113670587539673}
{"timestamp": "2025-08-23T22:51:55.275527", "level": "INFO", "logger": "root", "message": "Results saved: output\\findings_ioc_scanner.json", "module": "main", "function": "run_single_scanner", "line": 106}
{"timestamp": "2025-08-23T22:52:22.332159", "level": "INFO", "logger": "JetCSIRT.YaraScanner", "message": "Найдено 74517 файлов для сканирования", "module": "yara_scanner", "function": "scan", "line": 631}
{"timestamp": "2025-08-23T23:05:07.292552", "level": "INFO", "logger": "JetCSIRT.YaraScanner", "message": "Сканирование завершено за 815.8 сек", "module": "yara_scanner", "function": "scan", "line": 684}
{"timestamp": "2025-08-23T23:05:07.292999", "level": "INFO", "logger": "JetCSIRT.YaraScanner", "message": "Статистика: 0 файлов, 0 пропущено, 0 угроз найдено", "module": "yara_scanner", "function": "scan", "line": 685}
{"timestamp": "2025-08-23T23:05:07.294863", "level": "INFO", "logger": "JetCSIRT.YaraScanner", "message": "Results saved to: output\\yara_scanner_20250823_230507.json", "module": "base_scanner", "function": "save_results", "line": 201}
{"timestamp": "2025-08-23T23:05:07.295197", "level": "INFO", "logger": "JetCSIRT.yara_scanner", "message": "Scan completed", "module": "logger", "function": "log_scan_complete", "line": 125, "event_type": "scan_complete", "scanner": "yara_scanner", "findings_count": 0, "duration_seconds": 815.8083214759827}
{"timestamp": "2025-08-23T23:05:07.296788", "level": "INFO", "logger": "root", "message": "Results saved: output\\findings_yara_scanner.json", "module": "main", "function": "run_single_scanner", "line": 106}
{"timestamp": "2025-08-23T23:05:07.933436", "level": "INFO", "logger": "root", "message": "Detailed HTML report generated: output\\scan_report.html", "module": "main", "function": "generate_html_report", "line": 1180}
{"timestamp": "2025-08-23T23:05:07.942708", "level": "INFO", "logger": "root", "message": "Cleaned up 12 JSON files from output directory", "module": "main", "function": "cleanup_json_files", "line": 1219}
{"timestamp": "2025-08-23T23:05:07.951516", "level": "INFO", "logger": "root", "message": "Artifacts cleaned up", "module": "main", "function": "cleanup_artifacts", "line": 1193}
{"timestamp": "2025-08-23T23:10:24.752995", "level": "INFO", "logger": "root", "message": "Starting scanner: network_scanner", "module": "main", "function": "run_parallel_scanners", "line": 164}
{"timestamp": "2025-08-23T23:10:24.766794", "level": "INFO", "logger": "root", "message": "Starting scanner: system_scanner", "module": "main", "function": "run_parallel_scanners", "line": 164}
{"timestamp": "2025-08-23T23:10:24.776818", "level": "INFO", "logger": "root", "message": "Starting scanner: ioc_scanner", "module": "main", "function": "run_parallel_scanners", "line": 164}
{"timestamp": "2025-08-23T23:10:24.785351", "level": "INFO", "logger": "root", "message": "Starting scanner: memory_scanner", "module": "main", "function": "run_parallel_scanners", "line": 164}
{"timestamp": "2025-08-23T23:10:24.796596", "level": "INFO", "logger": "root", "message": "Starting scanner: yara_scanner", "module": "main", "function": "run_parallel_scanners", "line": 164}
{"timestamp": "2025-08-23T23:10:24.815098", "level": "INFO", "logger": "root", "message": "Starting scanner: registry_scanner", "module": "main", "function": "run_parallel_scanners", "line": 164}
{"timestamp": "2025-08-23T23:10:26.992224", "level": "INFO", "logger": "root", "message": "Created scanner: network_scanner", "module": "scanner_factory", "function": "create_scanners", "line": 70}
{"timestamp": "2025-08-23T23:10:26.995494", "level": "INFO", "logger": "root", "message": "Created scanner: system_scanner", "module": "scanner_factory", "function": "create_scanners", "line": 70}
{"timestamp": "2025-08-23T23:10:27.006561", "level": "INFO", "logger": "JetCSIRT.ioc_scanner", "message": "[IOC] Загружено 35 индикаторов из JSON rules/ioc/indicators.json", "module": "ioc_scanner", "function": "load_ioc", "line": 61}
{"timestamp": "2025-08-23T23:10:27.009004", "level": "INFO", "logger": "JetCSIRT.ioc_scanner", "message": "[IOC] Загружено 51 индикаторов из CSV rules/ioc/indicators.csv", "module": "ioc_scanner", "function": "load_ioc", "line": 74}
{"timestamp": "2025-08-23T23:10:27.010804", "level": "INFO", "logger": "root", "message": "Created scanner: ioc_scanner", "module": "scanner_factory", "function": "create_scanners", "line": 70}
{"timestamp": "2025-08-23T23:10:27.012127", "level": "INFO", "logger": "JetCSIRT.MemoryScanner", "message": "YARA version: 4.5.4", "module": "memory_scanner", "function": "_adapt_yara_rules_for_version", "line": 64}
{"timestamp": "2025-08-23T23:10:27.018034", "level": "INFO", "logger": "JetCSIRT.MemoryScanner", "message": "Loaded 4 memory YARA rules", "module": "memory_scanner", "function": "load_yara_rules", "line": 138}
{"timestamp": "2025-08-23T23:10:27.022228", "level": "INFO", "logger": "root", "message": "Created scanner: memory_scanner", "module": "scanner_factory", "function": "create_scanners", "line": 70}
{"timestamp": "2025-08-23T23:10:27.022555", "level": "INFO", "logger": "root", "message": "Created scanner: network_scanner", "module": "scanner_factory", "function": "create_scanners", "line": 70}
{"timestamp": "2025-08-23T23:10:27.023805", "level": "INFO", "logger": "root", "message": "Created scanner: system_scanner", "module": "scanner_factory", "function": "create_scanners", "line": 70}
{"timestamp": "2025-08-23T23:10:27.027279", "level": "INFO", "logger": "JetCSIRT.ioc_scanner", "message": "[IOC] Загружено 35 индикаторов из JSON rules/ioc/indicators.json", "module": "ioc_scanner", "function": "load_ioc", "line": 61}
{"timestamp": "2025-08-23T23:10:27.032409", "level": "INFO", "logger": "JetCSIRT.ioc_scanner", "message": "[IOC] Загружено 51 индикаторов из CSV rules/ioc/indicators.csv", "module": "ioc_scanner", "function": "load_ioc", "line": 74}
{"timestamp": "2025-08-23T23:10:27.148883", "level": "INFO", "logger": "root", "message": "Created scanner: ioc_scanner", "module": "scanner_factory", "function": "create_scanners", "line": 70}
{"timestamp": "2025-08-23T23:10:27.152898", "level": "INFO", "logger": "JetCSIRT.MemoryScanner", "message": "YARA version: 4.5.4", "module": "memory_scanner", "function": "_adapt_yara_rules_for_version", "line": 64}
{"timestamp": "2025-08-23T23:10:27.155821", "level": "INFO", "logger": "root", "message": "Created scanner: network_scanner", "module": "scanner_factory", "function": "create_scanners", "line": 70}
{"timestamp": "2025-08-23T23:10:27.164464", "level": "INFO", "logger": "root", "message": "Created scanner: system_scanner", "module": "scanner_factory", "function": "create_scanners", "line": 70}
{"timestamp": "2025-08-23T23:10:27.167232", "level": "INFO", "logger": "JetCSIRT.ioc_scanner", "message": "[IOC] Загружено 35 индикаторов из JSON rules/ioc/indicators.json", "module": "ioc_scanner", "function": "load_ioc", "line": 61}
{"timestamp": "2025-08-23T23:10:27.169012", "level": "INFO", "logger": "JetCSIRT.ioc_scanner", "message": "[IOC] Загружено 51 индикаторов из CSV rules/ioc/indicators.csv", "module": "ioc_scanner", "function": "load_ioc", "line": 74}
{"timestamp": "2025-08-23T23:10:27.171045", "level": "INFO", "logger": "root", "message": "Created scanner: ioc_scanner", "module": "scanner_factory", "function": "create_scanners", "line": 70}
{"timestamp": "2025-08-23T23:10:27.172203", "level": "INFO", "logger": "JetCSIRT.MemoryScanner", "message": "YARA version: 4.5.4", "module": "memory_scanner", "function": "_adapt_yara_rules_for_version", "line": 64}
{"timestamp": "2025-08-23T23:10:27.027055", "level": "INFO", "logger": "JetCSIRT.YaraScanner", "message": "YARA version: 4.5.4", "module": "yara_scanner", "function": "_adapt_yara_rules_for_version", "line": 177}
{"timestamp": "2025-08-23T23:10:27.175796", "level": "INFO", "logger": "JetCSIRT.MemoryScanner", "message": "Loaded 4 memory YARA rules", "module": "memory_scanner", "function": "load_yara_rules", "line": 138}
{"timestamp": "2025-08-23T23:10:27.170638", "level": "INFO", "logger": "root", "message": "Created scanner: network_scanner", "module": "scanner_factory", "function": "create_scanners", "line": 70}
{"timestamp": "2025-08-23T23:10:27.177858", "level": "INFO", "logger": "root", "message": "Created scanner: system_scanner", "module": "scanner_factory", "function": "create_scanners", "line": 70}
{"timestamp": "2025-08-23T23:10:27.276940", "level": "INFO", "logger": "JetCSIRT.ioc_scanner", "message": "[IOC] Загружено 35 индикаторов из JSON rules/ioc/indicators.json", "module": "ioc_scanner", "function": "load_ioc", "line": 61}
{"timestamp": "2025-08-23T23:10:27.280055", "level": "INFO", "logger": "JetCSIRT.ioc_scanner", "message": "[IOC] Загружено 51 индикаторов из CSV rules/ioc/indicators.csv", "module": "ioc_scanner", "function": "load_ioc", "line": 74}
{"timestamp": "2025-08-23T23:10:27.281116", "level": "INFO", "logger": "root", "message": "Created scanner: ioc_scanner", "module": "scanner_factory", "function": "create_scanners", "line": 70}
{"timestamp": "2025-08-23T23:10:27.164053", "level": "INFO", "logger": "JetCSIRT.MemoryScanner", "message": "Loaded 4 memory YARA rules", "module": "memory_scanner", "function": "load_yara_rules", "line": 138}
{"timestamp": "2025-08-23T23:10:27.176673", "level": "INFO", "logger": "root", "message": "Created scanner: memory_scanner", "module": "scanner_factory", "function": "create_scanners", "line": 70}
{"timestamp": "2025-08-23T23:10:27.282037", "level": "INFO", "logger": "JetCSIRT.MemoryScanner", "message": "YARA version: 4.5.4", "module": "memory_scanner", "function": "_adapt_yara_rules_for_version", "line": 64}
{"timestamp": "2025-08-23T23:10:27.288315", "level": "INFO", "logger": "JetCSIRT.YaraScanner", "message": "YARA version: 4.5.4", "module": "yara_scanner", "function": "_adapt_yara_rules_for_version", "line": 177}
{"timestamp": "2025-08-23T23:10:27.282576", "level": "INFO", "logger": "root", "message": "Created scanner: memory_scanner", "module": "scanner_factory", "function": "create_scanners", "line": 70}
{"timestamp": "2025-08-23T23:10:27.294338", "level": "INFO", "logger": "JetCSIRT.YaraScanner", "message": "YARA version: 4.5.4", "module": "yara_scanner", "function": "_adapt_yara_rules_for_version", "line": 177}
{"timestamp": "2025-08-23T23:10:27.289304", "level": "INFO", "logger": "JetCSIRT.MemoryScanner", "message": "Loaded 4 memory YARA rules", "module": "memory_scanner", "function": "load_yara_rules", "line": 138}
{"timestamp": "2025-08-23T23:10:27.308718", "level": "INFO", "logger": "root", "message": "Created scanner: memory_scanner", "module": "scanner_factory", "function": "create_scanners", "line": 70}
{"timestamp": "2025-08-23T23:10:27.325191", "level": "INFO", "logger": "JetCSIRT.YaraScanner", "message": "YARA version: 4.5.4", "module": "yara_scanner", "function": "_adapt_yara_rules_for_version", "line": 177}
{"timestamp": "2025-08-23T23:10:27.765107", "level": "INFO", "logger": "root", "message": "Created scanner: network_scanner", "module": "scanner_factory", "function": "create_scanners", "line": 70}
{"timestamp": "2025-08-23T23:10:28.101076", "level": "INFO", "logger": "root", "message": "Created scanner: system_scanner", "module": "scanner_factory", "function": "create_scanners", "line": 70}
{"timestamp": "2025-08-23T23:10:28.220156", "level": "INFO", "logger": "JetCSIRT.ioc_scanner", "message": "[IOC] Загружено 35 индикаторов из JSON rules/ioc/indicators.json", "module": "ioc_scanner", "function": "load_ioc", "line": 61}
{"timestamp": "2025-08-23T23:10:28.292159", "level": "INFO", "logger": "JetCSIRT.ioc_scanner", "message": "[IOC] Загружено 51 индикаторов из CSV rules/ioc/indicators.csv", "module": "ioc_scanner", "function": "load_ioc", "line": 74}
{"timestamp": "2025-08-23T23:10:28.529914", "level": "INFO", "logger": "root", "message": "Created scanner: ioc_scanner", "module": "scanner_factory", "function": "create_scanners", "line": 70}
{"timestamp": "2025-08-23T23:10:28.569316", "level": "INFO", "logger": "JetCSIRT.MemoryScanner", "message": "YARA version: 4.5.4", "module": "memory_scanner", "function": "_adapt_yara_rules_for_version", "line": 64}
{"timestamp": "2025-08-23T23:10:28.778909", "level": "INFO", "logger": "JetCSIRT.MemoryScanner", "message": "Loaded 4 memory YARA rules", "module": "memory_scanner", "function": "load_yara_rules", "line": 138}
{"timestamp": "2025-08-23T23:10:28.816525", "level": "INFO", "logger": "root", "message": "Created scanner: memory_scanner", "module": "scanner_factory", "function": "create_scanners", "line": 70}
{"timestamp": "2025-08-23T23:10:28.862295", "level": "INFO", "logger": "JetCSIRT.YaraScanner", "message": "YARA version: 4.5.4", "module": "yara_scanner", "function": "_adapt_yara_rules_for_version", "line": 177}
{"timestamp": "2025-08-23T23:10:28.891622", "level": "INFO", "logger": "JetCSIRT.YaraScanner", "message": "[YARA] Загружено 212 YARA правил (.yar) из rules\\yara", "module": "yara_scanner", "function": "load_yara_rules", "line": 259}
{"timestamp": "2025-08-23T23:10:28.906287", "level": "INFO", "logger": "root", "message": "Created scanner: yara_scanner", "module": "scanner_factory", "function": "create_scanners", "line": 70}
{"timestamp": "2025-08-23T23:10:28.909769", "level": "INFO", "logger": "root", "message": "Created scanner: registry_scanner", "module": "scanner_factory", "function": "create_scanners", "line": 70}
{"timestamp": "2025-08-23T23:10:28.915359", "level": "INFO", "logger": "JetCSIRT.system_scanner", "message": "Scan started", "module": "logger", "function": "log_scan_start", "line": 114, "event_type": "scan_start", "scanner": "system_scanner", "config": {"enabled": true, "priority": 4, "config_file": "config/system_scanners/system_scanner.yaml"}}
{"timestamp": "2025-08-23T23:10:28.922444", "level": "INFO", "logger": "JetCSIRT.YaraScanner", "message": "[YARA] Загружено 212 YARA правил (.yar) из rules\\yara", "module": "yara_scanner", "function": "load_yara_rules", "line": 259}
{"timestamp": "2025-08-23T23:10:28.925762", "level": "INFO", "logger": "root", "message": "Created scanner: yara_scanner", "module": "scanner_factory", "function": "create_scanners", "line": 70}
{"timestamp": "2025-08-23T23:10:28.933474", "level": "INFO", "logger": "root", "message": "Created scanner: registry_scanner", "module": "scanner_factory", "function": "create_scanners", "line": 70}
{"timestamp": "2025-08-23T23:10:28.942344", "level": "INFO", "logger": "root", "message": "Created scanner: network_scanner", "module": "scanner_factory", "function": "create_scanners", "line": 70}
{"timestamp": "2025-08-23T23:10:28.945143", "level": "INFO", "logger": "root", "message": "Created scanner: system_scanner", "module": "scanner_factory", "function": "create_scanners", "line": 70}
{"timestamp": "2025-08-23T23:10:28.948977", "level": "INFO", "logger": "JetCSIRT.ioc_scanner", "message": "[IOC] Загружено 35 индикаторов из JSON rules/ioc/indicators.json", "module": "ioc_scanner", "function": "load_ioc", "line": 61}
{"timestamp": "2025-08-23T23:10:28.952343", "level": "INFO", "logger": "JetCSIRT.ioc_scanner", "message": "[IOC] Загружено 51 индикаторов из CSV rules/ioc/indicators.csv", "module": "ioc_scanner", "function": "load_ioc", "line": 74}
{"timestamp": "2025-08-23T23:10:28.944741", "level": "INFO", "logger": "JetCSIRT.YaraScanner", "message": "[YARA] Загружено 212 YARA правил (.yar) из rules\\yara", "module": "yara_scanner", "function": "load_yara_rules", "line": 259}
{"timestamp": "2025-08-23T23:10:28.956131", "level": "INFO", "logger": "root", "message": "Created scanner: yara_scanner", "module": "scanner_factory", "function": "create_scanners", "line": 70}
{"timestamp": "2025-08-23T23:10:28.961570", "level": "INFO", "logger": "root", "message": "Created scanner: registry_scanner", "module": "scanner_factory", "function": "create_scanners", "line": 70}
{"timestamp": "2025-08-23T23:10:28.966575", "level": "INFO", "logger": "JetCSIRT.memory_scanner", "message": "Scan started", "module": "logger", "function": "log_scan_start", "line": 114, "event_type": "scan_start", "scanner": "memory_scanner", "config": {"enabled": true, "priority": 6, "config_file": "config/memory_scanners/memory_scanner.yaml", "memory_rules_dir": "rules/memory"}}
{"timestamp": "2025-08-23T23:10:28.942911", "level": "INFO", "logger": "JetCSIRT.ioc_scanner", "message": "Scan started", "module": "logger", "function": "log_scan_start", "line": 114, "event_type": "scan_start", "scanner": "ioc_scanner", "config": {"enabled": true, "priority": 5, "config_file": "config/ioc_scanners/ioc_scanner.yaml"}}
{"timestamp": "2025-08-23T23:10:29.064998", "level": "INFO", "logger": "JetCSIRT.YaraScanner", "message": "[YARA] Загружено 212 YARA правил (.yar) из rules\\yara", "module": "yara_scanner", "function": "load_yara_rules", "line": 259}
{"timestamp": "2025-08-23T23:10:29.072249", "level": "INFO", "logger": "root", "message": "Created scanner: yara_scanner", "module": "scanner_factory", "function": "create_scanners", "line": 70}
{"timestamp": "2025-08-23T23:10:29.077965", "level": "INFO", "logger": "root", "message": "Created scanner: registry_scanner", "module": "scanner_factory", "function": "create_scanners", "line": 70}
{"timestamp": "2025-08-23T23:10:29.079548", "level": "INFO", "logger": "JetCSIRT.yara_scanner", "message": "Scan started", "module": "logger", "function": "log_scan_start", "line": 114, "event_type": "scan_start", "scanner": "yara_scanner", "config": {"enabled": true, "priority": 3, "config_file": "config/file_scanners/yara_scanner.yaml"}}
{"timestamp": "2025-08-23T23:10:29.080866", "level": "INFO", "logger": "JetCSIRT.YaraScanner", "message": "Начинаем оптимизированное сканирование с 4 потоками", "module": "yara_scanner", "function": "scan", "line": 614}
{"timestamp": "2025-08-23T23:10:28.955594", "level": "INFO", "logger": "root", "message": "Created scanner: ioc_scanner", "module": "scanner_factory", "function": "create_scanners", "line": 70}
{"timestamp": "2025-08-23T23:10:29.098404", "level": "INFO", "logger": "JetCSIRT.MemoryScanner", "message": "YARA version: 4.5.4", "module": "memory_scanner", "function": "_adapt_yara_rules_for_version", "line": 64}
{"timestamp": "2025-08-23T23:10:29.108565", "level": "INFO", "logger": "JetCSIRT.MemoryScanner", "message": "Loaded 4 memory YARA rules", "module": "memory_scanner", "function": "load_yara_rules", "line": 138}
{"timestamp": "2025-08-23T23:10:29.118009", "level": "INFO", "logger": "root", "message": "Created scanner: memory_scanner", "module": "scanner_factory", "function": "create_scanners", "line": 70}
{"timestamp": "2025-08-23T23:10:29.266717", "level": "INFO", "logger": "JetCSIRT.YaraScanner", "message": "YARA version: 4.5.4", "module": "yara_scanner", "function": "_adapt_yara_rules_for_version", "line": 177}
{"timestamp": "2025-08-23T23:10:29.951526", "level": "INFO", "logger": "JetCSIRT.YaraScanner", "message": "[YARA] Загружено 212 YARA правил (.yar) из rules\\yara", "module": "yara_scanner", "function": "load_yara_rules", "line": 259}
{"timestamp": "2025-08-23T23:10:29.953002", "level": "INFO", "logger": "root", "message": "Created scanner: yara_scanner", "module": "scanner_factory", "function": "create_scanners", "line": 70}
{"timestamp": "2025-08-23T23:10:29.960751", "level": "INFO", "logger": "root", "message": "Created scanner: registry_scanner", "module": "scanner_factory", "function": "create_scanners", "line": 70}
{"timestamp": "2025-08-23T23:10:29.963400", "level": "INFO", "logger": "JetCSIRT.network_scanner", "message": "Scan started", "module": "logger", "function": "log_scan_start", "line": 114, "event_type": "scan_start", "scanner": "network_scanner", "config": {"enabled": true, "priority": 1, "config_file": "config/network_scanners/network_scanner.yaml"}}
{"timestamp": "2025-08-23T23:10:30.003559", "level": "INFO", "logger": "JetCSIRT.MemoryScanner", "message": "Найдено 137 процессов для сканирования", "module": "memory_scanner", "function": "scan", "line": 305}
{"timestamp": "2025-08-23T23:10:30.718140", "level": "INFO", "logger": "JetCSIRT.YaraScanner", "message": "[YARA] Загружено 212 YARA правил (.yar) из rules\\yara", "module": "yara_scanner", "function": "load_yara_rules", "line": 259}
{"timestamp": "2025-08-23T23:10:30.719076", "level": "INFO", "logger": "root", "message": "Created scanner: yara_scanner", "module": "scanner_factory", "function": "create_scanners", "line": 70}
{"timestamp": "2025-08-23T23:10:30.902833", "level": "INFO", "logger": "root", "message": "Created scanner: registry_scanner", "module": "scanner_factory", "function": "create_scanners", "line": 70}
{"timestamp": "2025-08-23T23:10:30.904356", "level": "INFO", "logger": "JetCSIRT.registry_scanner", "message": "Scan started", "module": "logger", "function": "log_scan_start", "line": 114, "event_type": "scan_start", "scanner": "registry_scanner", "config": {"enabled": true, "priority": 7, "config_file": "config/registry_scanners/registry_scanner.yaml"}}
{"timestamp": "2025-08-23T23:10:30.906958", "level": "ERROR", "logger": "JetCSIRT.registry_scanner", "message": "Error during cleanup: 'RegistryCache' object has no attribute '_cleanup_cache'", "module": "registry_scanner", "function": "_cleanup", "line": 385}
{"timestamp": "2025-08-23T23:10:30.909893", "level": "INFO", "logger": "JetCSIRT.registry_scanner", "message": "Results saved to: output\\registry_scanner_20250823_231030.json", "module": "base_scanner", "function": "save_results", "line": 201}
{"timestamp": "2025-08-23T23:10:30.910412", "level": "INFO", "logger": "JetCSIRT.registry_scanner", "message": "Scan completed", "module": "logger", "function": "log_scan_complete", "line": 125, "event_type": "scan_complete", "scanner": "registry_scanner", "findings_count": 0, "duration_seconds": 0.006074190139770508}
{"timestamp": "2025-08-23T23:10:30.911857", "level": "INFO", "logger": "root", "message": "Results saved: output\\findings_registry_scanner.json", "module": "main", "function": "run_single_scanner", "line": 106}
{"timestamp": "2025-08-23T23:10:34.003742", "level": "INFO", "logger": "JetCSIRT.system_scanner", "message": "Results saved to: output\\system_scanner_20250823_231033.json", "module": "base_scanner", "function": "save_results", "line": 201}
{"timestamp": "2025-08-23T23:10:34.006939", "level": "INFO", "logger": "JetCSIRT.system_scanner", "message": "Scan completed", "module": "logger", "function": "log_scan_complete", "line": 125, "event_type": "scan_complete", "scanner": "system_scanner", "findings_count": 5, "duration_seconds": 5.091591119766235}
{"timestamp": "2025-08-23T23:10:34.026385", "level": "INFO", "logger": "root", "message": "Results saved: output\\findings_system_scanner.json", "module": "main", "function": "run_single_scanner", "line": 106}
{"timestamp": "2025-08-23T23:10:36.318837", "level": "INFO", "logger": "JetCSIRT.MemoryScanner", "message": "Results saved to: output\\memory_scanner_20250823_231036.json", "module": "base_scanner", "function": "save_results", "line": 201}
{"timestamp": "2025-08-23T23:10:36.319237", "level": "INFO", "logger": "JetCSIRT.memory_scanner", "message": "Scan completed", "module": "logger", "function": "log_scan_complete", "line": 125, "event_type": "scan_complete", "scanner": "memory_scanner", "findings_count": 0, "duration_seconds": 7.352746486663818}
{"timestamp": "2025-08-23T23:10:36.322281", "level": "INFO", "logger": "root", "message": "Results saved: output\\findings_memory_scanner.json", "module": "main", "function": "run_single_scanner", "line": 106}
{"timestamp": "2025-08-23T23:10:53.868383", "level": "INFO", "logger": "JetCSIRT.ioc_scanner", "message": "Results saved to: output\\ioc_scanner_20250823_231053.json", "module": "base_scanner", "function": "save_results", "line": 201}
{"timestamp": "2025-08-23T23:10:53.869080", "level": "INFO", "logger": "JetCSIRT.ioc_scanner", "message": "Scan completed", "module": "logger", "function": "log_scan_complete", "line": 125, "event_type": "scan_complete", "scanner": "ioc_scanner", "findings_count": 0, "duration_seconds": 24.9261794090271}
{"timestamp": "2025-08-23T23:10:53.872297", "level": "INFO", "logger": "root", "message": "Results saved: output\\findings_ioc_scanner.json", "module": "main", "function": "run_single_scanner", "line": 106}
{"timestamp": "2025-08-23T23:10:54.480361", "level": "INFO", "logger": "JetCSIRT.network_scanner", "message": "Results saved to: output\\network_scanner_20250823_231054.json", "module": "base_scanner", "function": "save_results", "line": 201}
{"timestamp": "2025-08-23T23:10:54.480834", "level": "INFO", "logger": "JetCSIRT.network_scanner", "message": "Scan completed", "module": "logger", "function": "log_scan_complete", "line": 125, "event_type": "scan_complete", "scanner": "network_scanner", "findings_count": 2, "duration_seconds": 24.51742649078369}
{"timestamp": "2025-08-23T23:10:54.488674", "level": "INFO", "logger": "root", "message": "Results saved: output\\findings_network_scanner.json", "module": "main", "function": "run_single_scanner", "line": 106}
{"timestamp": "2025-08-23T23:11:25.580562", "level": "INFO", "logger": "JetCSIRT.YaraScanner", "message": "Найдено 74508 файлов для сканирования", "module": "yara_scanner", "function": "scan", "line": 631}
{"timestamp": "2025-08-23T23:29:20.309643", "level": "INFO", "logger": "JetCSIRT.YaraScanner", "message": "Сканирование завершено за 1131.2 сек", "module": "yara_scanner", "function": "scan", "line": 684}
{"timestamp": "2025-08-23T23:29:20.310218", "level": "INFO", "logger": "JetCSIRT.YaraScanner", "message": "Статистика: 74508 файлов, 0 пропущено, 840 угроз найдено", "module": "yara_scanner", "function": "scan", "line": 685}
{"timestamp": "2025-08-23T23:29:23.532886", "level": "INFO", "logger": "JetCSIRT.YaraScanner", "message": "Results saved to: output\\yara_scanner_20250823_232923.json", "module": "base_scanner", "function": "save_results", "line": 201}
{"timestamp": "2025-08-23T23:29:23.533369", "level": "INFO", "logger": "JetCSIRT.yara_scanner", "message": "Scan completed", "module": "logger", "function": "log_scan_complete", "line": 125, "event_type": "scan_complete", "scanner": "yara_scanner", "findings_count": 840, "duration_seconds": 1134.4538292884827}
{"timestamp": "2025-08-23T23:29:23.622641", "level": "INFO", "logger": "root", "message": "Results saved: output\\findings_yara_scanner.json", "module": "main", "function": "run_single_scanner", "line": 106}
{"timestamp": "2025-08-23T23:29:25.471026", "level": "INFO", "logger": "root", "message": "Detailed HTML report generated: output\\scan_report.html", "module": "main", "function": "generate_html_report", "line": 1203}
{"timestamp": "2025-08-23T23:29:25.482132", "level": "INFO", "logger": "root", "message": "Cleaned up 12 JSON files from output directory", "module": "main", "function": "cleanup_json_files", "line": 1242}
{"timestamp": "2025-08-23T23:29:25.664199", "level": "INFO", "logger": "root", "message": "Artifacts cleaned up", "module": "main", "function": "cleanup_artifacts", "line": 1216}
